-------------------------------------------------------------------------------
Test set: com.keysoft.bucktrackerjpa.controller.TrackzillaControllerTest
-------------------------------------------------------------------------------
Tests run: 5, Failures: 4, Errors: 0, Skipped: 0, Time elapsed: 2.597 s <<< FAILURE! - in com.keysoft.bucktrackerjpa.controller.TrackzillaControllerTest
findApplication(com.keysoft.bucktrackerjpa.controller.TrackzillaControllerTest)  Time elapsed: 0.002 s  <<< FAILURE!
java.lang.AssertionError: expected:<201> but was:<409>
	at com.keysoft.bucktrackerjpa.controller.TrackzillaControllerTest.addApplication(TrackzillaControllerTest.java:43)
	at com.keysoft.bucktrackerjpa.controller.TrackzillaControllerTest.findApplication(TrackzillaControllerTest.java:53)

addTicket(com.keysoft.bucktrackerjpa.controller.TrackzillaControllerTest)  Time elapsed: 0.001 s  <<< FAILURE!
java.lang.AssertionError: expected:<201> but was:<409>
	at com.keysoft.bucktrackerjpa.controller.TrackzillaControllerTest.addApplication(TrackzillaControllerTest.java:43)
	at com.keysoft.bucktrackerjpa.controller.TrackzillaControllerTest.addTicket(TrackzillaControllerTest.java:109)

updateApplication(com.keysoft.bucktrackerjpa.controller.TrackzillaControllerTest)  Time elapsed: 0.001 s  <<< FAILURE!
java.lang.AssertionError: expected:<201> but was:<409>
	at com.keysoft.bucktrackerjpa.controller.TrackzillaControllerTest.addApplication(TrackzillaControllerTest.java:43)
	at com.keysoft.bucktrackerjpa.controller.TrackzillaControllerTest.updateApplication(TrackzillaControllerTest.java:70)

deleteApplication(com.keysoft.bucktrackerjpa.controller.TrackzillaControllerTest)  Time elapsed: 0.001 s  <<< FAILURE!
java.lang.AssertionError: expected:<201> but was:<409>
	at com.keysoft.bucktrackerjpa.controller.TrackzillaControllerTest.addApplication(TrackzillaControllerTest.java:43)
	at com.keysoft.bucktrackerjpa.controller.TrackzillaControllerTest.deleteApplication(TrackzillaControllerTest.java:90)

