<?xml version="1.0" encoding="UTF-8"?>
<testsuite xmlns:xsi="http://www.w3.org/2001/XMLSchema-instance" xsi:noNamespaceSchemaLocation="https://maven.apache.org/surefire/maven-surefire-plugin/xsd/surefire-test-report.xsd" name="com.keysoft.bucktrackerjpa.controller.TrackzillaControllerTest" time="2.597" tests="5" errors="0" skipped="0" failures="4">
  <properties>
[...]
</properties>
  <testcase name="addApplication" classname="com.keysoft.bucktrackerjpa.controller.TrackzillaControllerTest" time="0.119"/>
  <testcase name="findApplication" classname="com.keysoft.bucktrackerjpa.controller.TrackzillaControllerTest" time="0.002">
    <failure message="expected:&lt;201&gt; but was:&lt;409&gt;" type="java.lang.AssertionError"><![CDATA[java.lang.AssertionError: expected:<201> but was:<409>
	at com.keysoft.bucktrackerjpa.controller.TrackzillaControllerTest.addApplication(TrackzillaControllerTest.java:43)
	at com.keysoft.bucktrackerjpa.controller.TrackzillaControllerTest.findApplication(TrackzillaControllerTest.java:53)
]]></failure>
    <system-out><![CDATA[2019-09-20 11:22:49.591 DEBUG 8480 --- [           main] o.s.test.annotation.ProfileValueUtils    : Retrieved @ProfileValueSourceConfiguration [null] for test class [com.keysoft.bucktrackerjpa.controller.TrackzillaControllerTest]
2019-09-20 11:22:49.591 DEBUG 8480 --- [           main] o.s.test.annotation.ProfileValueUtils    : Retrieved ProfileValueSource type [class org.springframework.test.annotation.SystemProfileValueSource] for class [com.keysoft.bucktrackerjpa.controller.TrackzillaControllerTest]
2019-09-20 11:22:49.591 DEBUG 8480 --- [           main] c.DefaultCacheAwareContextLoaderDelegate : Retrieved ApplicationContext from cache with key [[WebMergedContextConfiguration@5fef0c19 testClass = TrackzillaControllerTest, locations = '{}', classes = '{class com.keysoft.bucktrackerjpa.BucktrackerJpaApplication}', contextInitializerClasses = '[]', activeProfiles = '{}', propertySourceLocations = '{}', propertySourceProperties = '{org.springframework.boot.test.context.SpringBootTestContextBootstrapper=true}', contextCustomizers = set[[ImportsContextCustomizer@2e6d76ba key = [org.springframework.boot.test.autoconfigure.web.servlet.MockMvcAutoConfiguration, org.springframework.boot.test.autoconfigure.web.servlet.MockMvcSecurityAutoConfiguration, org.springframework.boot.test.autoconfigure.web.servlet.MockMvcWebClientAutoConfiguration, org.springframework.boot.test.autoconfigure.web.servlet.MockMvcWebDriverAutoConfiguration]], org.springframework.boot.test.context.filter.ExcludeFilterContextCustomizer@382db087, org.springframework.boot.test.json.DuplicateJsonObjectContextCustomizerFactory$DuplicateJsonObjectContextCustomizer@5427c60c, org.springframework.boot.test.mock.mockito.MockitoContextCustomizer@0, org.springframework.boot.test.web.client.TestRestTemplateContextCustomizer@76b10754, org.springframework.boot.test.autoconfigure.properties.PropertyMappingContextCustomizer@e7e84f8, org.springframework.boot.test.autoconfigure.web.servlet.WebDriverContextCustomizerFactory$Customizer@1efee8e7], resourceBasePath = 'src/main/webapp', contextLoader = 'org.springframework.boot.test.context.SpringBootContextLoader', parent = [null]]]
2019-09-20 11:22:49.591 DEBUG 8480 --- [           main] org.springframework.test.context.cache   : Spring test ApplicationContext cache statistics: [DefaultContextCache@4052b19f size = 2, maxSize = 32, parentContextCount = 0, hitCount = 11, missCount = 2]
2019-09-20 11:22:49.591 DEBUG 8480 --- [           main] o.s.t.c.w.ServletTestExecutionListener   : Setting up MockHttpServletRequest, MockHttpServletResponse, ServletWebRequest, and RequestContextHolder for test context [DefaultTestContext@256bb5be testClass = TrackzillaControllerTest, testInstance = com.keysoft.bucktrackerjpa.controller.TrackzillaControllerTest@5fde1d64, testMethod = [null], testException = [null], mergedContextConfiguration = [WebMergedContextConfiguration@5fef0c19 testClass = TrackzillaControllerTest, locations = '{}', classes = '{class com.keysoft.bucktrackerjpa.BucktrackerJpaApplication}', contextInitializerClasses = '[]', activeProfiles = '{}', propertySourceLocations = '{}', propertySourceProperties = '{org.springframework.boot.test.context.SpringBootTestContextBootstrapper=true}', contextCustomizers = set[[ImportsContextCustomizer@2e6d76ba key = [org.springframework.boot.test.autoconfigure.web.servlet.MockMvcAutoConfiguration, org.springframework.boot.test.autoconfigure.web.servlet.MockMvcSecurityAutoConfiguration, org.springframework.boot.test.autoconfigure.web.servlet.MockMvcWebClientAutoConfiguration, org.springframework.boot.test.autoconfigure.web.servlet.MockMvcWebDriverAutoConfiguration]], org.springframework.boot.test.context.filter.ExcludeFilterContextCustomizer@382db087, org.springframework.boot.test.json.DuplicateJsonObjectContextCustomizerFactory$DuplicateJsonObjectContextCustomizer@5427c60c, org.springframework.boot.test.mock.mockito.MockitoContextCustomizer@0, org.springframework.boot.test.web.client.TestRestTemplateContextCustomizer@76b10754, org.springframework.boot.test.autoconfigure.properties.PropertyMappingContextCustomizer@e7e84f8, org.springframework.boot.test.autoconfigure.web.servlet.WebDriverContextCustomizerFactory$Customizer@1efee8e7], resourceBasePath = 'src/main/webapp', contextLoader = 'org.springframework.boot.test.context.SpringBootContextLoader', parent = [null]], attributes = map['org.springframework.test.context.web.ServletTestExecutionListener.activateListener' -> true, 'org.springframework.test.context.support.DependencyInjectionTestExecutionListener.reinjectDependencies' -> true]].
2019-09-20 11:22:49.591 DEBUG 8480 --- [           main] DependencyInjectionTestExecutionListener : Performing dependency injection for test context [[DefaultTestContext@256bb5be testClass = TrackzillaControllerTest, testInstance = com.keysoft.bucktrackerjpa.controller.TrackzillaControllerTest@5fde1d64, testMethod = [null], testException = [null], mergedContextConfiguration = [WebMergedContextConfiguration@5fef0c19 testClass = TrackzillaControllerTest, locations = '{}', classes = '{class com.keysoft.bucktrackerjpa.BucktrackerJpaApplication}', contextInitializerClasses = '[]', activeProfiles = '{}', propertySourceLocations = '{}', propertySourceProperties = '{org.springframework.boot.test.context.SpringBootTestContextBootstrapper=true}', contextCustomizers = set[[ImportsContextCustomizer@2e6d76ba key = [org.springframework.boot.test.autoconfigure.web.servlet.MockMvcAutoConfiguration, org.springframework.boot.test.autoconfigure.web.servlet.MockMvcSecurityAutoConfiguration, org.springframework.boot.test.autoconfigure.web.servlet.MockMvcWebClientAutoConfiguration, org.springframework.boot.test.autoconfigure.web.servlet.MockMvcWebDriverAutoConfiguration]], org.springframework.boot.test.context.filter.ExcludeFilterContextCustomizer@382db087, org.springframework.boot.test.json.DuplicateJsonObjectContextCustomizerFactory$DuplicateJsonObjectContextCustomizer@5427c60c, org.springframework.boot.test.mock.mockito.MockitoContextCustomizer@0, org.springframework.boot.test.web.client.TestRestTemplateContextCustomizer@76b10754, org.springframework.boot.test.autoconfigure.properties.PropertyMappingContextCustomizer@e7e84f8, org.springframework.boot.test.autoconfigure.web.servlet.WebDriverContextCustomizerFactory$Customizer@1efee8e7], resourceBasePath = 'src/main/webapp', contextLoader = 'org.springframework.boot.test.context.SpringBootContextLoader', parent = [null]], attributes = map['org.springframework.test.context.web.ServletTestExecutionListener.activateListener' -> true, 'org.springframework.test.context.web.ServletTestExecutionListener.populatedRequestContextHolder' -> true, 'org.springframework.test.context.web.ServletTestExecutionListener.resetRequestContextHolder' -> true, 'org.springframework.test.context.support.DependencyInjectionTestExecutionListener.reinjectDependencies' -> true]]].
2019-09-20 11:22:49.591 DEBUG 8480 --- [           main] c.DefaultCacheAwareContextLoaderDelegate : Retrieved ApplicationContext from cache with key [[WebMergedContextConfiguration@5fef0c19 testClass = TrackzillaControllerTest, locations = '{}', classes = '{class com.keysoft.bucktrackerjpa.BucktrackerJpaApplication}', contextInitializerClasses = '[]', activeProfiles = '{}', propertySourceLocations = '{}', propertySourceProperties = '{org.springframework.boot.test.context.SpringBootTestContextBootstrapper=true}', contextCustomizers = set[[ImportsContextCustomizer@2e6d76ba key = [org.springframework.boot.test.autoconfigure.web.servlet.MockMvcAutoConfiguration, org.springframework.boot.test.autoconfigure.web.servlet.MockMvcSecurityAutoConfiguration, org.springframework.boot.test.autoconfigure.web.servlet.MockMvcWebClientAutoConfiguration, org.springframework.boot.test.autoconfigure.web.servlet.MockMvcWebDriverAutoConfiguration]], org.springframework.boot.test.context.filter.ExcludeFilterContextCustomizer@382db087, org.springframework.boot.test.json.DuplicateJsonObjectContextCustomizerFactory$DuplicateJsonObjectContextCustomizer@5427c60c, org.springframework.boot.test.mock.mockito.MockitoContextCustomizer@0, org.springframework.boot.test.web.client.TestRestTemplateContextCustomizer@76b10754, org.springframework.boot.test.autoconfigure.properties.PropertyMappingContextCustomizer@e7e84f8, org.springframework.boot.test.autoconfigure.web.servlet.WebDriverContextCustomizerFactory$Customizer@1efee8e7], resourceBasePath = 'src/main/webapp', contextLoader = 'org.springframework.boot.test.context.SpringBootContextLoader', parent = [null]]]
2019-09-20 11:22:49.591 DEBUG 8480 --- [           main] org.springframework.test.context.cache   : Spring test ApplicationContext cache statistics: [DefaultContextCache@4052b19f size = 2, maxSize = 32, parentContextCount = 0, hitCount = 12, missCount = 2]
2019-09-20 11:22:49.592 DEBUG 8480 --- [           main] o.s.b.f.annotation.InjectionMetadata     : Processing injected element of bean 'com.keysoft.bucktrackerjpa.controller.TrackzillaControllerTest': AutowiredFieldElement for private org.springframework.test.web.servlet.MockMvc com.keysoft.bucktrackerjpa.controller.TrackzillaControllerTest.mockMvc
2019-09-20 11:22:49.592 DEBUG 8480 --- [           main] o.s.core.annotation.AnnotationUtils      : Failed to meta-introspect annotation interface org.springframework.beans.factory.annotation.Autowired: java.lang.NullPointerException
2019-09-20 11:22:49.592 DEBUG 8480 --- [           main] o.s.b.f.s.DefaultListableBeanFactory     : Returning cached instance of singleton bean 'mockMvc'
2019-09-20 11:22:49.592 DEBUG 8480 --- [           main] tractDirtiesContextTestExecutionListener : Before test method: context [DefaultTestContext@256bb5be testClass = TrackzillaControllerTest, testInstance = com.keysoft.bucktrackerjpa.controller.TrackzillaControllerTest@5fde1d64, testMethod = findApplication@TrackzillaControllerTest, testException = [null], mergedContextConfiguration = [WebMergedContextConfiguration@5fef0c19 testClass = TrackzillaControllerTest, locations = '{}', classes = '{class com.keysoft.bucktrackerjpa.BucktrackerJpaApplication}', contextInitializerClasses = '[]', activeProfiles = '{}', propertySourceLocations = '{}', propertySourceProperties = '{org.springframework.boot.test.context.SpringBootTestContextBootstrapper=true}', contextCustomizers = set[[ImportsContextCustomizer@2e6d76ba key = [org.springframework.boot.test.autoconfigure.web.servlet.MockMvcAutoConfiguration, org.springframework.boot.test.autoconfigure.web.servlet.MockMvcSecurityAutoConfiguration, org.springframework.boot.test.autoconfigure.web.servlet.MockMvcWebClientAutoConfiguration, org.springframework.boot.test.autoconfigure.web.servlet.MockMvcWebDriverAutoConfiguration]], org.springframework.boot.test.context.filter.ExcludeFilterContextCustomizer@382db087, org.springframework.boot.test.json.DuplicateJsonObjectContextCustomizerFactory$DuplicateJsonObjectContextCustomizer@5427c60c, org.springframework.boot.test.mock.mockito.MockitoContextCustomizer@0, org.springframework.boot.test.web.client.TestRestTemplateContextCustomizer@76b10754, org.springframework.boot.test.autoconfigure.properties.PropertyMappingContextCustomizer@e7e84f8, org.springframework.boot.test.autoconfigure.web.servlet.WebDriverContextCustomizerFactory$Customizer@1efee8e7], resourceBasePath = 'src/main/webapp', contextLoader = 'org.springframework.boot.test.context.SpringBootContextLoader', parent = [null]], attributes = map['org.springframework.test.context.web.ServletTestExecutionListener.activateListener' -> true, 'org.springframework.test.context.web.ServletTestExecutionListener.populatedRequestContextHolder' -> true, 'org.springframework.test.context.web.ServletTestExecutionListener.resetRequestContextHolder' -> true]], class annotated with @DirtiesContext [false] with mode [null], method annotated with @DirtiesContext [false] with mode [null].
2019-09-20 11:22:49.592 DEBUG 8480 --- [           main] c.DefaultCacheAwareContextLoaderDelegate : Retrieved ApplicationContext from cache with key [[WebMergedContextConfiguration@5fef0c19 testClass = TrackzillaControllerTest, locations = '{}', classes = '{class com.keysoft.bucktrackerjpa.BucktrackerJpaApplication}', contextInitializerClasses = '[]', activeProfiles = '{}', propertySourceLocations = '{}', propertySourceProperties = '{org.springframework.boot.test.context.SpringBootTestContextBootstrapper=true}', contextCustomizers = set[[ImportsContextCustomizer@2e6d76ba key = [org.springframework.boot.test.autoconfigure.web.servlet.MockMvcAutoConfiguration, org.springframework.boot.test.autoconfigure.web.servlet.MockMvcSecurityAutoConfiguration, org.springframework.boot.test.autoconfigure.web.servlet.MockMvcWebClientAutoConfiguration, org.springframework.boot.test.autoconfigure.web.servlet.MockMvcWebDriverAutoConfiguration]], org.springframework.boot.test.context.filter.ExcludeFilterContextCustomizer@382db087, org.springframework.boot.test.json.DuplicateJsonObjectContextCustomizerFactory$DuplicateJsonObjectContextCustomizer@5427c60c, org.springframework.boot.test.mock.mockito.MockitoContextCustomizer@0, org.springframework.boot.test.web.client.TestRestTemplateContextCustomizer@76b10754, org.springframework.boot.test.autoconfigure.properties.PropertyMappingContextCustomizer@e7e84f8, org.springframework.boot.test.autoconfigure.web.servlet.WebDriverContextCustomizerFactory$Customizer@1efee8e7], resourceBasePath = 'src/main/webapp', contextLoader = 'org.springframework.boot.test.context.SpringBootContextLoader', parent = [null]]]
2019-09-20 11:22:49.592 DEBUG 8480 --- [           main] org.springframework.test.context.cache   : Spring test ApplicationContext cache statistics: [DefaultContextCache@4052b19f size = 2, maxSize = 32, parentContextCount = 0, hitCount = 13, missCount = 2]
2019-09-20 11:22:49.593 DEBUG 8480 --- [           main] o.s.b.f.s.DefaultListableBeanFactory     : Returning cached instance of singleton bean 'org.springframework.boot.test.mock.mockito.MockitoBeans'
2019-09-20 11:22:49.593 DEBUG 8480 --- [           main] o.s.b.w.s.f.OrderedRequestContextFilter  : Bound request context to thread: org.springframework.mock.web.MockHttpServletRequest@5350ab17
2019-09-20 11:22:49.593 DEBUG 8480 --- [           main] o.s.t.web.servlet.TestDispatcherServlet  : DispatcherServlet with name '' processing POST request for [/tza/application/]
2019-09-20 11:22:49.593 DEBUG 8480 --- [           main] s.w.s.m.m.a.RequestMappingHandlerMapping : Looking up handler method for path /tza/application/
2019-09-20 11:22:49.594 DEBUG 8480 --- [           main] s.w.s.m.m.a.RequestMappingHandlerMapping : Returning handler method [public org.springframework.http.ResponseEntity<java.lang.Void> com.keysoft.bucktrackerjpa.controller.TrackzillaController.addApplication(com.keysoft.bucktrackerjpa.entity.Application,org.springframework.web.util.UriComponentsBuilder)]
2019-09-20 11:22:49.594 DEBUG 8480 --- [           main] o.s.b.f.s.DefaultListableBeanFactory     : Returning cached instance of singleton bean 'trackzillaController'
2019-09-20 11:22:49.594 DEBUG 8480 --- [           main] o.j.s.OpenEntityManagerInViewInterceptor : Opening JPA EntityManager in OpenEntityManagerInViewInterceptor
2019-09-20 11:22:49.594 DEBUG 8480 --- [           main] m.m.a.RequestResponseBodyMethodProcessor : Read [class com.keysoft.bucktrackerjpa.entity.Application] as "application/json;charset=UTF-8" with [org.springframework.http.converter.json.MappingJackson2HttpMessageConverter@1e721583]
2019-09-20 11:22:49.594 DEBUG 8480 --- [           main] o.s.core.annotation.AnnotationUtils      : Failed to meta-introspect annotation interface org.springframework.web.bind.annotation.RequestBody: java.lang.NullPointerException
2019-09-20 11:22:49.595 DEBUG 8480 --- [           main] o.s.orm.jpa.JpaTransactionManager        : Found thread-bound EntityManager [SessionImpl(PersistenceContext[entityKeys=[],collectionKeys=[]];ActionQueue[insertions=ExecutableList{size=0} updates=ExecutableList{size=0} deletions=ExecutableList{size=0} orphanRemovals=ExecutableList{size=0} collectionCreations=ExecutableList{size=0} collectionRemovals=ExecutableList{size=0} collectionUpdates=ExecutableList{size=0} collectionQueuedOps=ExecutableList{size=0} unresolvedInsertDependencies=null])] for JPA transaction
2019-09-20 11:22:49.595 DEBUG 8480 --- [           main] o.s.orm.jpa.JpaTransactionManager        : Creating new transaction with name [com.keysoft.bucktrackerjpa.dao.ApplicationDAO.applicationExists]: PROPAGATION_REQUIRED,ISOLATION_DEFAULT
2019-09-20 11:22:49.595 DEBUG 8480 --- [           main] o.s.orm.jpa.JpaTransactionManager        : Exposing JPA transaction as JDBC transaction [org.springframework.orm.jpa.vendor.HibernateJpaDialect$HibernateConnectionHandle@984de01]
Hibernate: select applicatio0_.application_id as applicat1_0_, applicatio0_.description as descript2_0_, applicatio0_.app_name as app_name3_0_, applicatio0_.owner as owner4_0_ from applications applicatio0_ where applicatio0_.app_name=? and applicatio0_.owner=?
2019-09-20 11:22:49.599 DEBUG 8480 --- [           main] o.s.orm.jpa.JpaTransactionManager        : Initiating transaction commit
2019-09-20 11:22:49.599 DEBUG 8480 --- [           main] o.s.orm.jpa.JpaTransactionManager        : Committing JPA transaction on EntityManager [SessionImpl(PersistenceContext[entityKeys=[EntityKey[com.keysoft.bucktrackerjpa.entity.Application#1]],collectionKeys=[]];ActionQueue[insertions=ExecutableList{size=0} updates=ExecutableList{size=0} deletions=ExecutableList{size=0} orphanRemovals=ExecutableList{size=0} collectionCreations=ExecutableList{size=0} collectionRemovals=ExecutableList{size=0} collectionUpdates=ExecutableList{size=0} collectionQueuedOps=ExecutableList{size=0} unresolvedInsertDependencies=null])]
2019-09-20 11:22:49.599 DEBUG 8480 --- [           main] o.s.orm.jpa.JpaTransactionManager        : Not closing pre-bound JPA EntityManager after transaction
2019-09-20 11:22:49.600 DEBUG 8480 --- [           main] o.s.t.web.servlet.TestDispatcherServlet  : Null ModelAndView returned to DispatcherServlet with name '': assuming HandlerAdapter completed request handling
2019-09-20 11:22:49.600 DEBUG 8480 --- [           main] o.j.s.OpenEntityManagerInViewInterceptor : Closing JPA EntityManager in OpenEntityManagerInViewInterceptor
2019-09-20 11:22:49.600 DEBUG 8480 --- [           main] o.s.orm.jpa.EntityManagerFactoryUtils    : Closing JPA EntityManager
2019-09-20 11:22:49.600 DEBUG 8480 --- [           main] o.s.t.web.servlet.TestDispatcherServlet  : Successfully completed request
2019-09-20 11:22:49.600 DEBUG 8480 --- [           main] o.s.b.w.s.f.OrderedRequestContextFilter  : Cleared thread-bound request context: org.springframework.mock.web.MockHttpServletRequest@5350ab17
2019-09-20 11:22:49.601 DEBUG 8480 --- [           main] c.DefaultCacheAwareContextLoaderDelegate : Retrieved ApplicationContext from cache with key [[WebMergedContextConfiguration@5fef0c19 testClass = TrackzillaControllerTest, locations = '{}', classes = '{class com.keysoft.bucktrackerjpa.BucktrackerJpaApplication}', contextInitializerClasses = '[]', activeProfiles = '{}', propertySourceLocations = '{}', propertySourceProperties = '{org.springframework.boot.test.context.SpringBootTestContextBootstrapper=true}', contextCustomizers = set[[ImportsContextCustomizer@2e6d76ba key = [org.springframework.boot.test.autoconfigure.web.servlet.MockMvcAutoConfiguration, org.springframework.boot.test.autoconfigure.web.servlet.MockMvcSecurityAutoConfiguration, org.springframework.boot.test.autoconfigure.web.servlet.MockMvcWebClientAutoConfiguration, org.springframework.boot.test.autoconfigure.web.servlet.MockMvcWebDriverAutoConfiguration]], org.springframework.boot.test.context.filter.ExcludeFilterContextCustomizer@382db087, org.springframework.boot.test.json.DuplicateJsonObjectContextCustomizerFactory$DuplicateJsonObjectContextCustomizer@5427c60c, org.springframework.boot.test.mock.mockito.MockitoContextCustomizer@0, org.springframework.boot.test.web.client.TestRestTemplateContextCustomizer@76b10754, org.springframework.boot.test.autoconfigure.properties.PropertyMappingContextCustomizer@e7e84f8, org.springframework.boot.test.autoconfigure.web.servlet.WebDriverContextCustomizerFactory$Customizer@1efee8e7], resourceBasePath = 'src/main/webapp', contextLoader = 'org.springframework.boot.test.context.SpringBootContextLoader', parent = [null]]]
2019-09-20 11:22:49.601 DEBUG 8480 --- [           main] org.springframework.test.context.cache   : Spring test ApplicationContext cache statistics: [DefaultContextCache@4052b19f size = 2, maxSize = 32, parentContextCount = 0, hitCount = 14, missCount = 2]
2019-09-20 11:22:49.601 DEBUG 8480 --- [           main] c.DefaultCacheAwareContextLoaderDelegate : Retrieved ApplicationContext from cache with key [[WebMergedContextConfiguration@5fef0c19 testClass = TrackzillaControllerTest, locations = '{}', classes = '{class com.keysoft.bucktrackerjpa.BucktrackerJpaApplication}', contextInitializerClasses = '[]', activeProfiles = '{}', propertySourceLocations = '{}', propertySourceProperties = '{org.springframework.boot.test.context.SpringBootTestContextBootstrapper=true}', contextCustomizers = set[[ImportsContextCustomizer@2e6d76ba key = [org.springframework.boot.test.autoconfigure.web.servlet.MockMvcAutoConfiguration, org.springframework.boot.test.autoconfigure.web.servlet.MockMvcSecurityAutoConfiguration, org.springframework.boot.test.autoconfigure.web.servlet.MockMvcWebClientAutoConfiguration, org.springframework.boot.test.autoconfigure.web.servlet.MockMvcWebDriverAutoConfiguration]], org.springframework.boot.test.context.filter.ExcludeFilterContextCustomizer@382db087, org.springframework.boot.test.json.DuplicateJsonObjectContextCustomizerFactory$DuplicateJsonObjectContextCustomizer@5427c60c, org.springframework.boot.test.mock.mockito.MockitoContextCustomizer@0, org.springframework.boot.test.web.client.TestRestTemplateContextCustomizer@76b10754, org.springframework.boot.test.autoconfigure.properties.PropertyMappingContextCustomizer@e7e84f8, org.springframework.boot.test.autoconfigure.web.servlet.WebDriverContextCustomizerFactory$Customizer@1efee8e7], resourceBasePath = 'src/main/webapp', contextLoader = 'org.springframework.boot.test.context.SpringBootContextLoader', parent = [null]]]
2019-09-20 11:22:49.601 DEBUG 8480 --- [           main] org.springframework.test.context.cache   : Spring test ApplicationContext cache statistics: [DefaultContextCache@4052b19f size = 2, maxSize = 32, parentContextCount = 0, hitCount = 15, missCount = 2]
2019-09-20 11:22:49.601 DEBUG 8480 --- [           main] o.s.b.f.s.DefaultListableBeanFactory     : Returning cached instance of singleton bean 'org.springframework.boot.test.autoconfigure.web.servlet.SpringBootMockMvcBuilderCustomizer$DeferredLinesWriter'

MockHttpServletRequest:
      HTTP Method = POST
      Request URI = /tza/application/
       Parameters = {}
          Headers = {Content-Type=[application/json;charset=UTF-8], Accept=[application/json]}
             Body = {"name":"Test Application","description":"A test application.","owner":"Kesha Williams"}
    Session Attrs = {}

Handler:
             Type = com.keysoft.bucktrackerjpa.controller.TrackzillaController
           Method = public org.springframework.http.ResponseEntity<java.lang.Void> com.keysoft.bucktrackerjpa.controller.TrackzillaController.addApplication(com.keysoft.bucktrackerjpa.entity.Application,org.springframework.web.util.UriComponentsBuilder)

Async:
    Async started = false
     Async result = null

Resolved Exception:
             Type = null

ModelAndView:
        View name = null
             View = null
            Model = null

FlashMap:
       Attributes = null

MockHttpServletResponse:
           Status = 201
    Error message = null
          Headers = {Location=[http://localhost/application/1]}
     Content type = null
             Body = 
    Forwarded URL = null
   Redirected URL = http://localhost/application/1
          Cookies = []

MockHttpServletRequest:
      HTTP Method = POST
      Request URI = /tza/application/
       Parameters = {}
          Headers = {Content-Type=[application/json;charset=UTF-8], Accept=[application/json]}
             Body = {"name":"Test Application","description":"A test application.","owner":"Kesha Williams"}
    Session Attrs = {}

Handler:
             Type = com.keysoft.bucktrackerjpa.controller.TrackzillaController
           Method = public org.springframework.http.ResponseEntity<java.lang.Void> com.keysoft.bucktrackerjpa.controller.TrackzillaController.addApplication(com.keysoft.bucktrackerjpa.entity.Application,org.springframework.web.util.UriComponentsBuilder)

Async:
    Async started = false
     Async result = null

Resolved Exception:
             Type = null

ModelAndView:
        View name = null
             View = null
            Model = null

FlashMap:
       Attributes = null

MockHttpServletResponse:
           Status = 409
    Error message = null
          Headers = {}
     Content type = null
             Body = 
    Forwarded URL = null
   Redirected URL = null
          Cookies = []
2019-09-20 11:22:49.602 DEBUG 8480 --- [           main] c.DefaultCacheAwareContextLoaderDelegate : Retrieved ApplicationContext from cache with key [[WebMergedContextConfiguration@5fef0c19 testClass = TrackzillaControllerTest, locations = '{}', classes = '{class com.keysoft.bucktrackerjpa.BucktrackerJpaApplication}', contextInitializerClasses = '[]', activeProfiles = '{}', propertySourceLocations = '{}', propertySourceProperties = '{org.springframework.boot.test.context.SpringBootTestContextBootstrapper=true}', contextCustomizers = set[[ImportsContextCustomizer@2e6d76ba key = [org.springframework.boot.test.autoconfigure.web.servlet.MockMvcAutoConfiguration, org.springframework.boot.test.autoconfigure.web.servlet.MockMvcSecurityAutoConfiguration, org.springframework.boot.test.autoconfigure.web.servlet.MockMvcWebClientAutoConfiguration, org.springframework.boot.test.autoconfigure.web.servlet.MockMvcWebDriverAutoConfiguration]], org.springframework.boot.test.context.filter.ExcludeFilterContextCustomizer@382db087, org.springframework.boot.test.json.DuplicateJsonObjectContextCustomizerFactory$DuplicateJsonObjectContextCustomizer@5427c60c, org.springframework.boot.test.mock.mockito.MockitoContextCustomizer@0, org.springframework.boot.test.web.client.TestRestTemplateContextCustomizer@76b10754, org.springframework.boot.test.autoconfigure.properties.PropertyMappingContextCustomizer@e7e84f8, org.springframework.boot.test.autoconfigure.web.servlet.WebDriverContextCustomizerFactory$Customizer@1efee8e7], resourceBasePath = 'src/main/webapp', contextLoader = 'org.springframework.boot.test.context.SpringBootContextLoader', parent = [null]]]
2019-09-20 11:22:49.602 DEBUG 8480 --- [           main] org.springframework.test.context.cache   : Spring test ApplicationContext cache statistics: [DefaultContextCache@4052b19f size = 2, maxSize = 32, parentContextCount = 0, hitCount = 16, missCount = 2]
2019-09-20 11:22:49.603 DEBUG 8480 --- [           main] c.DefaultCacheAwareContextLoaderDelegate : Retrieved ApplicationContext from cache with key [[WebMergedContextConfiguration@5fef0c19 testClass = TrackzillaControllerTest, locations = '{}', classes = '{class com.keysoft.bucktrackerjpa.BucktrackerJpaApplication}', contextInitializerClasses = '[]', activeProfiles = '{}', propertySourceLocations = '{}', propertySourceProperties = '{org.springframework.boot.test.context.SpringBootTestContextBootstrapper=true}', contextCustomizers = set[[ImportsContextCustomizer@2e6d76ba key = [org.springframework.boot.test.autoconfigure.web.servlet.MockMvcAutoConfiguration, org.springframework.boot.test.autoconfigure.web.servlet.MockMvcSecurityAutoConfiguration, org.springframework.boot.test.autoconfigure.web.servlet.MockMvcWebClientAutoConfiguration, org.springframework.boot.test.autoconfigure.web.servlet.MockMvcWebDriverAutoConfiguration]], org.springframework.boot.test.context.filter.ExcludeFilterContextCustomizer@382db087, org.springframework.boot.test.json.DuplicateJsonObjectContextCustomizerFactory$DuplicateJsonObjectContextCustomizer@5427c60c, org.springframework.boot.test.mock.mockito.MockitoContextCustomizer@0, org.springframework.boot.test.web.client.TestRestTemplateContextCustomizer@76b10754, org.springframework.boot.test.autoconfigure.properties.PropertyMappingContextCustomizer@e7e84f8, org.springframework.boot.test.autoconfigure.web.servlet.WebDriverContextCustomizerFactory$Customizer@1efee8e7], resourceBasePath = 'src/main/webapp', contextLoader = 'org.springframework.boot.test.context.SpringBootContextLoader', parent = [null]]]
2019-09-20 11:22:49.603 DEBUG 8480 --- [           main] org.springframework.test.context.cache   : Spring test ApplicationContext cache statistics: [DefaultContextCache@4052b19f size = 2, maxSize = 32, parentContextCount = 0, hitCount = 17, missCount = 2]
2019-09-20 11:22:49.603 DEBUG 8480 --- [           main] o.s.b.f.s.DefaultListableBeanFactory     : Returning cached instance of singleton bean 'org.springframework.boot.test.mock.mockito.MockitoBeans'
2019-09-20 11:22:49.604 DEBUG 8480 --- [           main] tractDirtiesContextTestExecutionListener : After test method: context [DefaultTestContext@256bb5be testClass = TrackzillaControllerTest, testInstance = com.keysoft.bucktrackerjpa.controller.TrackzillaControllerTest@5fde1d64, testMethod = findApplication@TrackzillaControllerTest, testException = java.lang.AssertionError: expected:<201> but was:<409>, mergedContextConfiguration = [WebMergedContextConfiguration@5fef0c19 testClass = TrackzillaControllerTest, locations = '{}', classes = '{class com.keysoft.bucktrackerjpa.BucktrackerJpaApplication}', contextInitializerClasses = '[]', activeProfiles = '{}', propertySourceLocations = '{}', propertySourceProperties = '{org.springframework.boot.test.context.SpringBootTestContextBootstrapper=true}', contextCustomizers = set[[ImportsContextCustomizer@2e6d76ba key = [org.springframework.boot.test.autoconfigure.web.servlet.MockMvcAutoConfiguration, org.springframework.boot.test.autoconfigure.web.servlet.MockMvcSecurityAutoConfiguration, org.springframework.boot.test.autoconfigure.web.servlet.MockMvcWebClientAutoConfiguration, org.springframework.boot.test.autoconfigure.web.servlet.MockMvcWebDriverAutoConfiguration]], org.springframework.boot.test.context.filter.ExcludeFilterContextCustomizer@382db087, org.springframework.boot.test.json.DuplicateJsonObjectContextCustomizerFactory$DuplicateJsonObjectContextCustomizer@5427c60c, org.springframework.boot.test.mock.mockito.MockitoContextCustomizer@0, org.springframework.boot.test.web.client.TestRestTemplateContextCustomizer@76b10754, org.springframework.boot.test.autoconfigure.properties.PropertyMappingContextCustomizer@e7e84f8, org.springframework.boot.test.autoconfigure.web.servlet.WebDriverContextCustomizerFactory$Customizer@1efee8e7], resourceBasePath = 'src/main/webapp', contextLoader = 'org.springframework.boot.test.context.SpringBootContextLoader', parent = [null]], attributes = map['org.springframework.test.context.web.ServletTestExecutionListener.activateListener' -> true, 'org.springframework.test.context.web.ServletTestExecutionListener.populatedRequestContextHolder' -> true, 'org.springframework.test.context.web.ServletTestExecutionListener.resetRequestContextHolder' -> true]], class annotated with @DirtiesContext [false] with mode [null], method annotated with @DirtiesContext [false] with mode [null].
2019-09-20 11:22:49.604 DEBUG 8480 --- [           main] o.s.t.c.w.ServletTestExecutionListener   : Resetting RequestContextHolder for test context [DefaultTestContext@256bb5be testClass = TrackzillaControllerTest, testInstance = com.keysoft.bucktrackerjpa.controller.TrackzillaControllerTest@5fde1d64, testMethod = findApplication@TrackzillaControllerTest, testException = java.lang.AssertionError: expected:<201> but was:<409>, mergedContextConfiguration = [WebMergedContextConfiguration@5fef0c19 testClass = TrackzillaControllerTest, locations = '{}', classes = '{class com.keysoft.bucktrackerjpa.BucktrackerJpaApplication}', contextInitializerClasses = '[]', activeProfiles = '{}', propertySourceLocations = '{}', propertySourceProperties = '{org.springframework.boot.test.context.SpringBootTestContextBootstrapper=true}', contextCustomizers = set[[ImportsContextCustomizer@2e6d76ba key = [org.springframework.boot.test.autoconfigure.web.servlet.MockMvcAutoConfiguration, org.springframework.boot.test.autoconfigure.web.servlet.MockMvcSecurityAutoConfiguration, org.springframework.boot.test.autoconfigure.web.servlet.MockMvcWebClientAutoConfiguration, org.springframework.boot.test.autoconfigure.web.servlet.MockMvcWebDriverAutoConfiguration]], org.springframework.boot.test.context.filter.ExcludeFilterContextCustomizer@382db087, org.springframework.boot.test.json.DuplicateJsonObjectContextCustomizerFactory$DuplicateJsonObjectContextCustomizer@5427c60c, org.springframework.boot.test.mock.mockito.MockitoContextCustomizer@0, org.springframework.boot.test.web.client.TestRestTemplateContextCustomizer@76b10754, org.springframework.boot.test.autoconfigure.properties.PropertyMappingContextCustomizer@e7e84f8, org.springframework.boot.test.autoconfigure.web.servlet.WebDriverContextCustomizerFactory$Customizer@1efee8e7], resourceBasePath = 'src/main/webapp', contextLoader = 'org.springframework.boot.test.context.SpringBootContextLoader', parent = [null]], attributes = map['org.springframework.test.context.web.ServletTestExecutionListener.activateListener' -> true, 'org.springframework.test.context.web.ServletTestExecutionListener.populatedRequestContextHolder' -> true, 'org.springframework.test.context.web.ServletTestExecutionListener.resetRequestContextHolder' -> true]].
]]></system-out>
  </testcase>
  <testcase name="addTicket" classname="com.keysoft.bucktrackerjpa.controller.TrackzillaControllerTest" time="0.001">
    <failure message="expected:&lt;201&gt; but was:&lt;409&gt;" type="java.lang.AssertionError"><![CDATA[java.lang.AssertionError: expected:<201> but was:<409>
	at com.keysoft.bucktrackerjpa.controller.TrackzillaControllerTest.addApplication(TrackzillaControllerTest.java:43)
	at com.keysoft.bucktrackerjpa.controller.TrackzillaControllerTest.addTicket(TrackzillaControllerTest.java:109)
]]></failure>
    <system-out><![CDATA[2019-09-20 11:22:49.607 DEBUG 8480 --- [           main] o.s.test.annotation.ProfileValueUtils    : Retrieved @ProfileValueSourceConfiguration [null] for test class [com.keysoft.bucktrackerjpa.controller.TrackzillaControllerTest]
2019-09-20 11:22:49.607 DEBUG 8480 --- [           main] o.s.test.annotation.ProfileValueUtils    : Retrieved ProfileValueSource type [class org.springframework.test.annotation.SystemProfileValueSource] for class [com.keysoft.bucktrackerjpa.controller.TrackzillaControllerTest]
2019-09-20 11:22:49.607 DEBUG 8480 --- [           main] c.DefaultCacheAwareContextLoaderDelegate : Retrieved ApplicationContext from cache with key [[WebMergedContextConfiguration@5fef0c19 testClass = TrackzillaControllerTest, locations = '{}', classes = '{class com.keysoft.bucktrackerjpa.BucktrackerJpaApplication}', contextInitializerClasses = '[]', activeProfiles = '{}', propertySourceLocations = '{}', propertySourceProperties = '{org.springframework.boot.test.context.SpringBootTestContextBootstrapper=true}', contextCustomizers = set[[ImportsContextCustomizer@2e6d76ba key = [org.springframework.boot.test.autoconfigure.web.servlet.MockMvcAutoConfiguration, org.springframework.boot.test.autoconfigure.web.servlet.MockMvcSecurityAutoConfiguration, org.springframework.boot.test.autoconfigure.web.servlet.MockMvcWebClientAutoConfiguration, org.springframework.boot.test.autoconfigure.web.servlet.MockMvcWebDriverAutoConfiguration]], org.springframework.boot.test.context.filter.ExcludeFilterContextCustomizer@382db087, org.springframework.boot.test.json.DuplicateJsonObjectContextCustomizerFactory$DuplicateJsonObjectContextCustomizer@5427c60c, org.springframework.boot.test.mock.mockito.MockitoContextCustomizer@0, org.springframework.boot.test.web.client.TestRestTemplateContextCustomizer@76b10754, org.springframework.boot.test.autoconfigure.properties.PropertyMappingContextCustomizer@e7e84f8, org.springframework.boot.test.autoconfigure.web.servlet.WebDriverContextCustomizerFactory$Customizer@1efee8e7], resourceBasePath = 'src/main/webapp', contextLoader = 'org.springframework.boot.test.context.SpringBootContextLoader', parent = [null]]]
2019-09-20 11:22:49.607 DEBUG 8480 --- [           main] org.springframework.test.context.cache   : Spring test ApplicationContext cache statistics: [DefaultContextCache@4052b19f size = 2, maxSize = 32, parentContextCount = 0, hitCount = 18, missCount = 2]
2019-09-20 11:22:49.607 DEBUG 8480 --- [           main] o.s.t.c.w.ServletTestExecutionListener   : Setting up MockHttpServletRequest, MockHttpServletResponse, ServletWebRequest, and RequestContextHolder for test context [DefaultTestContext@256bb5be testClass = TrackzillaControllerTest, testInstance = com.keysoft.bucktrackerjpa.controller.TrackzillaControllerTest@24aedcc5, testMethod = [null], testException = [null], mergedContextConfiguration = [WebMergedContextConfiguration@5fef0c19 testClass = TrackzillaControllerTest, locations = '{}', classes = '{class com.keysoft.bucktrackerjpa.BucktrackerJpaApplication}', contextInitializerClasses = '[]', activeProfiles = '{}', propertySourceLocations = '{}', propertySourceProperties = '{org.springframework.boot.test.context.SpringBootTestContextBootstrapper=true}', contextCustomizers = set[[ImportsContextCustomizer@2e6d76ba key = [org.springframework.boot.test.autoconfigure.web.servlet.MockMvcAutoConfiguration, org.springframework.boot.test.autoconfigure.web.servlet.MockMvcSecurityAutoConfiguration, org.springframework.boot.test.autoconfigure.web.servlet.MockMvcWebClientAutoConfiguration, org.springframework.boot.test.autoconfigure.web.servlet.MockMvcWebDriverAutoConfiguration]], org.springframework.boot.test.context.filter.ExcludeFilterContextCustomizer@382db087, org.springframework.boot.test.json.DuplicateJsonObjectContextCustomizerFactory$DuplicateJsonObjectContextCustomizer@5427c60c, org.springframework.boot.test.mock.mockito.MockitoContextCustomizer@0, org.springframework.boot.test.web.client.TestRestTemplateContextCustomizer@76b10754, org.springframework.boot.test.autoconfigure.properties.PropertyMappingContextCustomizer@e7e84f8, org.springframework.boot.test.autoconfigure.web.servlet.WebDriverContextCustomizerFactory$Customizer@1efee8e7], resourceBasePath = 'src/main/webapp', contextLoader = 'org.springframework.boot.test.context.SpringBootContextLoader', parent = [null]], attributes = map['org.springframework.test.context.web.ServletTestExecutionListener.activateListener' -> true, 'org.springframework.test.context.support.DependencyInjectionTestExecutionListener.reinjectDependencies' -> true]].
2019-09-20 11:22:49.607 DEBUG 8480 --- [           main] DependencyInjectionTestExecutionListener : Performing dependency injection for test context [[DefaultTestContext@256bb5be testClass = TrackzillaControllerTest, testInstance = com.keysoft.bucktrackerjpa.controller.TrackzillaControllerTest@24aedcc5, testMethod = [null], testException = [null], mergedContextConfiguration = [WebMergedContextConfiguration@5fef0c19 testClass = TrackzillaControllerTest, locations = '{}', classes = '{class com.keysoft.bucktrackerjpa.BucktrackerJpaApplication}', contextInitializerClasses = '[]', activeProfiles = '{}', propertySourceLocations = '{}', propertySourceProperties = '{org.springframework.boot.test.context.SpringBootTestContextBootstrapper=true}', contextCustomizers = set[[ImportsContextCustomizer@2e6d76ba key = [org.springframework.boot.test.autoconfigure.web.servlet.MockMvcAutoConfiguration, org.springframework.boot.test.autoconfigure.web.servlet.MockMvcSecurityAutoConfiguration, org.springframework.boot.test.autoconfigure.web.servlet.MockMvcWebClientAutoConfiguration, org.springframework.boot.test.autoconfigure.web.servlet.MockMvcWebDriverAutoConfiguration]], org.springframework.boot.test.context.filter.ExcludeFilterContextCustomizer@382db087, org.springframework.boot.test.json.DuplicateJsonObjectContextCustomizerFactory$DuplicateJsonObjectContextCustomizer@5427c60c, org.springframework.boot.test.mock.mockito.MockitoContextCustomizer@0, org.springframework.boot.test.web.client.TestRestTemplateContextCustomizer@76b10754, org.springframework.boot.test.autoconfigure.properties.PropertyMappingContextCustomizer@e7e84f8, org.springframework.boot.test.autoconfigure.web.servlet.WebDriverContextCustomizerFactory$Customizer@1efee8e7], resourceBasePath = 'src/main/webapp', contextLoader = 'org.springframework.boot.test.context.SpringBootContextLoader', parent = [null]], attributes = map['org.springframework.test.context.web.ServletTestExecutionListener.activateListener' -> true, 'org.springframework.test.context.web.ServletTestExecutionListener.populatedRequestContextHolder' -> true, 'org.springframework.test.context.web.ServletTestExecutionListener.resetRequestContextHolder' -> true, 'org.springframework.test.context.support.DependencyInjectionTestExecutionListener.reinjectDependencies' -> true]]].
2019-09-20 11:22:49.607 DEBUG 8480 --- [           main] c.DefaultCacheAwareContextLoaderDelegate : Retrieved ApplicationContext from cache with key [[WebMergedContextConfiguration@5fef0c19 testClass = TrackzillaControllerTest, locations = '{}', classes = '{class com.keysoft.bucktrackerjpa.BucktrackerJpaApplication}', contextInitializerClasses = '[]', activeProfiles = '{}', propertySourceLocations = '{}', propertySourceProperties = '{org.springframework.boot.test.context.SpringBootTestContextBootstrapper=true}', contextCustomizers = set[[ImportsContextCustomizer@2e6d76ba key = [org.springframework.boot.test.autoconfigure.web.servlet.MockMvcAutoConfiguration, org.springframework.boot.test.autoconfigure.web.servlet.MockMvcSecurityAutoConfiguration, org.springframework.boot.test.autoconfigure.web.servlet.MockMvcWebClientAutoConfiguration, org.springframework.boot.test.autoconfigure.web.servlet.MockMvcWebDriverAutoConfiguration]], org.springframework.boot.test.context.filter.ExcludeFilterContextCustomizer@382db087, org.springframework.boot.test.json.DuplicateJsonObjectContextCustomizerFactory$DuplicateJsonObjectContextCustomizer@5427c60c, org.springframework.boot.test.mock.mockito.MockitoContextCustomizer@0, org.springframework.boot.test.web.client.TestRestTemplateContextCustomizer@76b10754, org.springframework.boot.test.autoconfigure.properties.PropertyMappingContextCustomizer@e7e84f8, org.springframework.boot.test.autoconfigure.web.servlet.WebDriverContextCustomizerFactory$Customizer@1efee8e7], resourceBasePath = 'src/main/webapp', contextLoader = 'org.springframework.boot.test.context.SpringBootContextLoader', parent = [null]]]
2019-09-20 11:22:49.607 DEBUG 8480 --- [           main] org.springframework.test.context.cache   : Spring test ApplicationContext cache statistics: [DefaultContextCache@4052b19f size = 2, maxSize = 32, parentContextCount = 0, hitCount = 19, missCount = 2]
2019-09-20 11:22:49.607 DEBUG 8480 --- [           main] o.s.b.f.annotation.InjectionMetadata     : Processing injected element of bean 'com.keysoft.bucktrackerjpa.controller.TrackzillaControllerTest': AutowiredFieldElement for private org.springframework.test.web.servlet.MockMvc com.keysoft.bucktrackerjpa.controller.TrackzillaControllerTest.mockMvc
2019-09-20 11:22:49.608 DEBUG 8480 --- [           main] o.s.core.annotation.AnnotationUtils      : Failed to meta-introspect annotation interface org.springframework.beans.factory.annotation.Autowired: java.lang.NullPointerException
2019-09-20 11:22:49.608 DEBUG 8480 --- [           main] o.s.b.f.s.DefaultListableBeanFactory     : Returning cached instance of singleton bean 'mockMvc'
2019-09-20 11:22:49.608 DEBUG 8480 --- [           main] tractDirtiesContextTestExecutionListener : Before test method: context [DefaultTestContext@256bb5be testClass = TrackzillaControllerTest, testInstance = com.keysoft.bucktrackerjpa.controller.TrackzillaControllerTest@24aedcc5, testMethod = addTicket@TrackzillaControllerTest, testException = [null], mergedContextConfiguration = [WebMergedContextConfiguration@5fef0c19 testClass = TrackzillaControllerTest, locations = '{}', classes = '{class com.keysoft.bucktrackerjpa.BucktrackerJpaApplication}', contextInitializerClasses = '[]', activeProfiles = '{}', propertySourceLocations = '{}', propertySourceProperties = '{org.springframework.boot.test.context.SpringBootTestContextBootstrapper=true}', contextCustomizers = set[[ImportsContextCustomizer@2e6d76ba key = [org.springframework.boot.test.autoconfigure.web.servlet.MockMvcAutoConfiguration, org.springframework.boot.test.autoconfigure.web.servlet.MockMvcSecurityAutoConfiguration, org.springframework.boot.test.autoconfigure.web.servlet.MockMvcWebClientAutoConfiguration, org.springframework.boot.test.autoconfigure.web.servlet.MockMvcWebDriverAutoConfiguration]], org.springframework.boot.test.context.filter.ExcludeFilterContextCustomizer@382db087, org.springframework.boot.test.json.DuplicateJsonObjectContextCustomizerFactory$DuplicateJsonObjectContextCustomizer@5427c60c, org.springframework.boot.test.mock.mockito.MockitoContextCustomizer@0, org.springframework.boot.test.web.client.TestRestTemplateContextCustomizer@76b10754, org.springframework.boot.test.autoconfigure.properties.PropertyMappingContextCustomizer@e7e84f8, org.springframework.boot.test.autoconfigure.web.servlet.WebDriverContextCustomizerFactory$Customizer@1efee8e7], resourceBasePath = 'src/main/webapp', contextLoader = 'org.springframework.boot.test.context.SpringBootContextLoader', parent = [null]], attributes = map['org.springframework.test.context.web.ServletTestExecutionListener.activateListener' -> true, 'org.springframework.test.context.web.ServletTestExecutionListener.populatedRequestContextHolder' -> true, 'org.springframework.test.context.web.ServletTestExecutionListener.resetRequestContextHolder' -> true]], class annotated with @DirtiesContext [false] with mode [null], method annotated with @DirtiesContext [false] with mode [null].
2019-09-20 11:22:49.608 DEBUG 8480 --- [           main] c.DefaultCacheAwareContextLoaderDelegate : Retrieved ApplicationContext from cache with key [[WebMergedContextConfiguration@5fef0c19 testClass = TrackzillaControllerTest, locations = '{}', classes = '{class com.keysoft.bucktrackerjpa.BucktrackerJpaApplication}', contextInitializerClasses = '[]', activeProfiles = '{}', propertySourceLocations = '{}', propertySourceProperties = '{org.springframework.boot.test.context.SpringBootTestContextBootstrapper=true}', contextCustomizers = set[[ImportsContextCustomizer@2e6d76ba key = [org.springframework.boot.test.autoconfigure.web.servlet.MockMvcAutoConfiguration, org.springframework.boot.test.autoconfigure.web.servlet.MockMvcSecurityAutoConfiguration, org.springframework.boot.test.autoconfigure.web.servlet.MockMvcWebClientAutoConfiguration, org.springframework.boot.test.autoconfigure.web.servlet.MockMvcWebDriverAutoConfiguration]], org.springframework.boot.test.context.filter.ExcludeFilterContextCustomizer@382db087, org.springframework.boot.test.json.DuplicateJsonObjectContextCustomizerFactory$DuplicateJsonObjectContextCustomizer@5427c60c, org.springframework.boot.test.mock.mockito.MockitoContextCustomizer@0, org.springframework.boot.test.web.client.TestRestTemplateContextCustomizer@76b10754, org.springframework.boot.test.autoconfigure.properties.PropertyMappingContextCustomizer@e7e84f8, org.springframework.boot.test.autoconfigure.web.servlet.WebDriverContextCustomizerFactory$Customizer@1efee8e7], resourceBasePath = 'src/main/webapp', contextLoader = 'org.springframework.boot.test.context.SpringBootContextLoader', parent = [null]]]
2019-09-20 11:22:49.608 DEBUG 8480 --- [           main] org.springframework.test.context.cache   : Spring test ApplicationContext cache statistics: [DefaultContextCache@4052b19f size = 2, maxSize = 32, parentContextCount = 0, hitCount = 20, missCount = 2]
2019-09-20 11:22:49.608 DEBUG 8480 --- [           main] o.s.b.f.s.DefaultListableBeanFactory     : Returning cached instance of singleton bean 'org.springframework.boot.test.mock.mockito.MockitoBeans'
2019-09-20 11:22:49.609 DEBUG 8480 --- [           main] o.s.b.w.s.f.OrderedRequestContextFilter  : Bound request context to thread: org.springframework.mock.web.MockHttpServletRequest@74ebd159
2019-09-20 11:22:49.609 DEBUG 8480 --- [           main] o.s.t.web.servlet.TestDispatcherServlet  : DispatcherServlet with name '' processing POST request for [/tza/application/]
2019-09-20 11:22:49.609 DEBUG 8480 --- [           main] s.w.s.m.m.a.RequestMappingHandlerMapping : Looking up handler method for path /tza/application/
2019-09-20 11:22:49.609 DEBUG 8480 --- [           main] s.w.s.m.m.a.RequestMappingHandlerMapping : Returning handler method [public org.springframework.http.ResponseEntity<java.lang.Void> com.keysoft.bucktrackerjpa.controller.TrackzillaController.addApplication(com.keysoft.bucktrackerjpa.entity.Application,org.springframework.web.util.UriComponentsBuilder)]
2019-09-20 11:22:49.609 DEBUG 8480 --- [           main] o.s.b.f.s.DefaultListableBeanFactory     : Returning cached instance of singleton bean 'trackzillaController'
2019-09-20 11:22:49.609 DEBUG 8480 --- [           main] o.j.s.OpenEntityManagerInViewInterceptor : Opening JPA EntityManager in OpenEntityManagerInViewInterceptor
2019-09-20 11:22:49.610 DEBUG 8480 --- [           main] m.m.a.RequestResponseBodyMethodProcessor : Read [class com.keysoft.bucktrackerjpa.entity.Application] as "application/json;charset=UTF-8" with [org.springframework.http.converter.json.MappingJackson2HttpMessageConverter@1e721583]
2019-09-20 11:22:49.610 DEBUG 8480 --- [           main] o.s.core.annotation.AnnotationUtils      : Failed to meta-introspect annotation interface org.springframework.web.bind.annotation.RequestBody: java.lang.NullPointerException
2019-09-20 11:22:49.610 DEBUG 8480 --- [           main] o.s.orm.jpa.JpaTransactionManager        : Found thread-bound EntityManager [SessionImpl(PersistenceContext[entityKeys=[],collectionKeys=[]];ActionQueue[insertions=ExecutableList{size=0} updates=ExecutableList{size=0} deletions=ExecutableList{size=0} orphanRemovals=ExecutableList{size=0} collectionCreations=ExecutableList{size=0} collectionRemovals=ExecutableList{size=0} collectionUpdates=ExecutableList{size=0} collectionQueuedOps=ExecutableList{size=0} unresolvedInsertDependencies=null])] for JPA transaction
2019-09-20 11:22:49.610 DEBUG 8480 --- [           main] o.s.orm.jpa.JpaTransactionManager        : Creating new transaction with name [com.keysoft.bucktrackerjpa.dao.ApplicationDAO.applicationExists]: PROPAGATION_REQUIRED,ISOLATION_DEFAULT
2019-09-20 11:22:49.610 DEBUG 8480 --- [           main] o.s.orm.jpa.JpaTransactionManager        : Exposing JPA transaction as JDBC transaction [org.springframework.orm.jpa.vendor.HibernateJpaDialect$HibernateConnectionHandle@1850f2da]
Hibernate: select applicatio0_.application_id as applicat1_0_, applicatio0_.description as descript2_0_, applicatio0_.app_name as app_name3_0_, applicatio0_.owner as owner4_0_ from applications applicatio0_ where applicatio0_.app_name=? and applicatio0_.owner=?
2019-09-20 11:22:49.611 DEBUG 8480 --- [           main] o.s.orm.jpa.JpaTransactionManager        : Initiating transaction commit
2019-09-20 11:22:49.611 DEBUG 8480 --- [           main] o.s.orm.jpa.JpaTransactionManager        : Committing JPA transaction on EntityManager [SessionImpl(PersistenceContext[entityKeys=[EntityKey[com.keysoft.bucktrackerjpa.entity.Application#1]],collectionKeys=[]];ActionQueue[insertions=ExecutableList{size=0} updates=ExecutableList{size=0} deletions=ExecutableList{size=0} orphanRemovals=ExecutableList{size=0} collectionCreations=ExecutableList{size=0} collectionRemovals=ExecutableList{size=0} collectionUpdates=ExecutableList{size=0} collectionQueuedOps=ExecutableList{size=0} unresolvedInsertDependencies=null])]
2019-09-20 11:22:49.611 DEBUG 8480 --- [           main] o.s.orm.jpa.JpaTransactionManager        : Not closing pre-bound JPA EntityManager after transaction
2019-09-20 11:22:49.611 DEBUG 8480 --- [           main] o.s.t.web.servlet.TestDispatcherServlet  : Null ModelAndView returned to DispatcherServlet with name '': assuming HandlerAdapter completed request handling
2019-09-20 11:22:49.611 DEBUG 8480 --- [           main] o.j.s.OpenEntityManagerInViewInterceptor : Closing JPA EntityManager in OpenEntityManagerInViewInterceptor
2019-09-20 11:22:49.611 DEBUG 8480 --- [           main] o.s.orm.jpa.EntityManagerFactoryUtils    : Closing JPA EntityManager
2019-09-20 11:22:49.611 DEBUG 8480 --- [           main] o.s.t.web.servlet.TestDispatcherServlet  : Successfully completed request
2019-09-20 11:22:49.611 DEBUG 8480 --- [           main] o.s.b.w.s.f.OrderedRequestContextFilter  : Cleared thread-bound request context: org.springframework.mock.web.MockHttpServletRequest@74ebd159
2019-09-20 11:22:49.612 DEBUG 8480 --- [           main] c.DefaultCacheAwareContextLoaderDelegate : Retrieved ApplicationContext from cache with key [[WebMergedContextConfiguration@5fef0c19 testClass = TrackzillaControllerTest, locations = '{}', classes = '{class com.keysoft.bucktrackerjpa.BucktrackerJpaApplication}', contextInitializerClasses = '[]', activeProfiles = '{}', propertySourceLocations = '{}', propertySourceProperties = '{org.springframework.boot.test.context.SpringBootTestContextBootstrapper=true}', contextCustomizers = set[[ImportsContextCustomizer@2e6d76ba key = [org.springframework.boot.test.autoconfigure.web.servlet.MockMvcAutoConfiguration, org.springframework.boot.test.autoconfigure.web.servlet.MockMvcSecurityAutoConfiguration, org.springframework.boot.test.autoconfigure.web.servlet.MockMvcWebClientAutoConfiguration, org.springframework.boot.test.autoconfigure.web.servlet.MockMvcWebDriverAutoConfiguration]], org.springframework.boot.test.context.filter.ExcludeFilterContextCustomizer@382db087, org.springframework.boot.test.json.DuplicateJsonObjectContextCustomizerFactory$DuplicateJsonObjectContextCustomizer@5427c60c, org.springframework.boot.test.mock.mockito.MockitoContextCustomizer@0, org.springframework.boot.test.web.client.TestRestTemplateContextCustomizer@76b10754, org.springframework.boot.test.autoconfigure.properties.PropertyMappingContextCustomizer@e7e84f8, org.springframework.boot.test.autoconfigure.web.servlet.WebDriverContextCustomizerFactory$Customizer@1efee8e7], resourceBasePath = 'src/main/webapp', contextLoader = 'org.springframework.boot.test.context.SpringBootContextLoader', parent = [null]]]
2019-09-20 11:22:49.612 DEBUG 8480 --- [           main] org.springframework.test.context.cache   : Spring test ApplicationContext cache statistics: [DefaultContextCache@4052b19f size = 2, maxSize = 32, parentContextCount = 0, hitCount = 21, missCount = 2]
2019-09-20 11:22:49.612 DEBUG 8480 --- [           main] c.DefaultCacheAwareContextLoaderDelegate : Retrieved ApplicationContext from cache with key [[WebMergedContextConfiguration@5fef0c19 testClass = TrackzillaControllerTest, locations = '{}', classes = '{class com.keysoft.bucktrackerjpa.BucktrackerJpaApplication}', contextInitializerClasses = '[]', activeProfiles = '{}', propertySourceLocations = '{}', propertySourceProperties = '{org.springframework.boot.test.context.SpringBootTestContextBootstrapper=true}', contextCustomizers = set[[ImportsContextCustomizer@2e6d76ba key = [org.springframework.boot.test.autoconfigure.web.servlet.MockMvcAutoConfiguration, org.springframework.boot.test.autoconfigure.web.servlet.MockMvcSecurityAutoConfiguration, org.springframework.boot.test.autoconfigure.web.servlet.MockMvcWebClientAutoConfiguration, org.springframework.boot.test.autoconfigure.web.servlet.MockMvcWebDriverAutoConfiguration]], org.springframework.boot.test.context.filter.ExcludeFilterContextCustomizer@382db087, org.springframework.boot.test.json.DuplicateJsonObjectContextCustomizerFactory$DuplicateJsonObjectContextCustomizer@5427c60c, org.springframework.boot.test.mock.mockito.MockitoContextCustomizer@0, org.springframework.boot.test.web.client.TestRestTemplateContextCustomizer@76b10754, org.springframework.boot.test.autoconfigure.properties.PropertyMappingContextCustomizer@e7e84f8, org.springframework.boot.test.autoconfigure.web.servlet.WebDriverContextCustomizerFactory$Customizer@1efee8e7], resourceBasePath = 'src/main/webapp', contextLoader = 'org.springframework.boot.test.context.SpringBootContextLoader', parent = [null]]]
2019-09-20 11:22:49.612 DEBUG 8480 --- [           main] org.springframework.test.context.cache   : Spring test ApplicationContext cache statistics: [DefaultContextCache@4052b19f size = 2, maxSize = 32, parentContextCount = 0, hitCount = 22, missCount = 2]
2019-09-20 11:22:49.612 DEBUG 8480 --- [           main] o.s.b.f.s.DefaultListableBeanFactory     : Returning cached instance of singleton bean 'org.springframework.boot.test.autoconfigure.web.servlet.SpringBootMockMvcBuilderCustomizer$DeferredLinesWriter'

MockHttpServletRequest:
      HTTP Method = POST
      Request URI = /tza/application/
       Parameters = {}
          Headers = {Content-Type=[application/json;charset=UTF-8], Accept=[application/json]}
             Body = {"name":"Test Application","description":"A test application.","owner":"Kesha Williams"}
    Session Attrs = {}

Handler:
             Type = com.keysoft.bucktrackerjpa.controller.TrackzillaController
           Method = public org.springframework.http.ResponseEntity<java.lang.Void> com.keysoft.bucktrackerjpa.controller.TrackzillaController.addApplication(com.keysoft.bucktrackerjpa.entity.Application,org.springframework.web.util.UriComponentsBuilder)

Async:
    Async started = false
     Async result = null

Resolved Exception:
             Type = null

ModelAndView:
        View name = null
             View = null
            Model = null

FlashMap:
       Attributes = null

MockHttpServletResponse:
           Status = 201
    Error message = null
          Headers = {Location=[http://localhost/application/1]}
     Content type = null
             Body = 
    Forwarded URL = null
   Redirected URL = http://localhost/application/1
          Cookies = []

MockHttpServletRequest:
      HTTP Method = POST
      Request URI = /tza/application/
       Parameters = {}
          Headers = {Content-Type=[application/json;charset=UTF-8], Accept=[application/json]}
             Body = {"name":"Test Application","description":"A test application.","owner":"Kesha Williams"}
    Session Attrs = {}

Handler:
             Type = com.keysoft.bucktrackerjpa.controller.TrackzillaController
           Method = public org.springframework.http.ResponseEntity<java.lang.Void> com.keysoft.bucktrackerjpa.controller.TrackzillaController.addApplication(com.keysoft.bucktrackerjpa.entity.Application,org.springframework.web.util.UriComponentsBuilder)

Async:
    Async started = false
     Async result = null

Resolved Exception:
             Type = null

ModelAndView:
        View name = null
             View = null
            Model = null

FlashMap:
       Attributes = null

MockHttpServletResponse:
           Status = 409
    Error message = null
          Headers = {}
     Content type = null
             Body = 
    Forwarded URL = null
   Redirected URL = null
          Cookies = []

MockHttpServletRequest:
      HTTP Method = POST
      Request URI = /tza/application/
       Parameters = {}
          Headers = {Content-Type=[application/json;charset=UTF-8], Accept=[application/json]}
             Body = {"name":"Test Application","description":"A test application.","owner":"Kesha Williams"}
    Session Attrs = {}

Handler:
             Type = com.keysoft.bucktrackerjpa.controller.TrackzillaController
           Method = public org.springframework.http.ResponseEntity<java.lang.Void> com.keysoft.bucktrackerjpa.controller.TrackzillaController.addApplication(com.keysoft.bucktrackerjpa.entity.Application,org.springframework.web.util.UriComponentsBuilder)

Async:
    Async started = false
     Async result = null

Resolved Exception:
             Type = null

ModelAndView:
        View name = null
             View = null
            Model = null

FlashMap:
       Attributes = null

MockHttpServletResponse:
           Status = 409
    Error message = null
          Headers = {}
     Content type = null
             Body = 
    Forwarded URL = null
   Redirected URL = null
          Cookies = []
2019-09-20 11:22:49.613 DEBUG 8480 --- [           main] c.DefaultCacheAwareContextLoaderDelegate : Retrieved ApplicationContext from cache with key [[WebMergedContextConfiguration@5fef0c19 testClass = TrackzillaControllerTest, locations = '{}', classes = '{class com.keysoft.bucktrackerjpa.BucktrackerJpaApplication}', contextInitializerClasses = '[]', activeProfiles = '{}', propertySourceLocations = '{}', propertySourceProperties = '{org.springframework.boot.test.context.SpringBootTestContextBootstrapper=true}', contextCustomizers = set[[ImportsContextCustomizer@2e6d76ba key = [org.springframework.boot.test.autoconfigure.web.servlet.MockMvcAutoConfiguration, org.springframework.boot.test.autoconfigure.web.servlet.MockMvcSecurityAutoConfiguration, org.springframework.boot.test.autoconfigure.web.servlet.MockMvcWebClientAutoConfiguration, org.springframework.boot.test.autoconfigure.web.servlet.MockMvcWebDriverAutoConfiguration]], org.springframework.boot.test.context.filter.ExcludeFilterContextCustomizer@382db087, org.springframework.boot.test.json.DuplicateJsonObjectContextCustomizerFactory$DuplicateJsonObjectContextCustomizer@5427c60c, org.springframework.boot.test.mock.mockito.MockitoContextCustomizer@0, org.springframework.boot.test.web.client.TestRestTemplateContextCustomizer@76b10754, org.springframework.boot.test.autoconfigure.properties.PropertyMappingContextCustomizer@e7e84f8, org.springframework.boot.test.autoconfigure.web.servlet.WebDriverContextCustomizerFactory$Customizer@1efee8e7], resourceBasePath = 'src/main/webapp', contextLoader = 'org.springframework.boot.test.context.SpringBootContextLoader', parent = [null]]]
2019-09-20 11:22:49.613 DEBUG 8480 --- [           main] org.springframework.test.context.cache   : Spring test ApplicationContext cache statistics: [DefaultContextCache@4052b19f size = 2, maxSize = 32, parentContextCount = 0, hitCount = 23, missCount = 2]
2019-09-20 11:22:49.614 DEBUG 8480 --- [           main] c.DefaultCacheAwareContextLoaderDelegate : Retrieved ApplicationContext from cache with key [[WebMergedContextConfiguration@5fef0c19 testClass = TrackzillaControllerTest, locations = '{}', classes = '{class com.keysoft.bucktrackerjpa.BucktrackerJpaApplication}', contextInitializerClasses = '[]', activeProfiles = '{}', propertySourceLocations = '{}', propertySourceProperties = '{org.springframework.boot.test.context.SpringBootTestContextBootstrapper=true}', contextCustomizers = set[[ImportsContextCustomizer@2e6d76ba key = [org.springframework.boot.test.autoconfigure.web.servlet.MockMvcAutoConfiguration, org.springframework.boot.test.autoconfigure.web.servlet.MockMvcSecurityAutoConfiguration, org.springframework.boot.test.autoconfigure.web.servlet.MockMvcWebClientAutoConfiguration, org.springframework.boot.test.autoconfigure.web.servlet.MockMvcWebDriverAutoConfiguration]], org.springframework.boot.test.context.filter.ExcludeFilterContextCustomizer@382db087, org.springframework.boot.test.json.DuplicateJsonObjectContextCustomizerFactory$DuplicateJsonObjectContextCustomizer@5427c60c, org.springframework.boot.test.mock.mockito.MockitoContextCustomizer@0, org.springframework.boot.test.web.client.TestRestTemplateContextCustomizer@76b10754, org.springframework.boot.test.autoconfigure.properties.PropertyMappingContextCustomizer@e7e84f8, org.springframework.boot.test.autoconfigure.web.servlet.WebDriverContextCustomizerFactory$Customizer@1efee8e7], resourceBasePath = 'src/main/webapp', contextLoader = 'org.springframework.boot.test.context.SpringBootContextLoader', parent = [null]]]
2019-09-20 11:22:49.614 DEBUG 8480 --- [           main] org.springframework.test.context.cache   : Spring test ApplicationContext cache statistics: [DefaultContextCache@4052b19f size = 2, maxSize = 32, parentContextCount = 0, hitCount = 24, missCount = 2]
2019-09-20 11:22:49.614 DEBUG 8480 --- [           main] o.s.b.f.s.DefaultListableBeanFactory     : Returning cached instance of singleton bean 'org.springframework.boot.test.mock.mockito.MockitoBeans'
2019-09-20 11:22:49.614 DEBUG 8480 --- [           main] tractDirtiesContextTestExecutionListener : After test method: context [DefaultTestContext@256bb5be testClass = TrackzillaControllerTest, testInstance = com.keysoft.bucktrackerjpa.controller.TrackzillaControllerTest@24aedcc5, testMethod = addTicket@TrackzillaControllerTest, testException = java.lang.AssertionError: expected:<201> but was:<409>, mergedContextConfiguration = [WebMergedContextConfiguration@5fef0c19 testClass = TrackzillaControllerTest, locations = '{}', classes = '{class com.keysoft.bucktrackerjpa.BucktrackerJpaApplication}', contextInitializerClasses = '[]', activeProfiles = '{}', propertySourceLocations = '{}', propertySourceProperties = '{org.springframework.boot.test.context.SpringBootTestContextBootstrapper=true}', contextCustomizers = set[[ImportsContextCustomizer@2e6d76ba key = [org.springframework.boot.test.autoconfigure.web.servlet.MockMvcAutoConfiguration, org.springframework.boot.test.autoconfigure.web.servlet.MockMvcSecurityAutoConfiguration, org.springframework.boot.test.autoconfigure.web.servlet.MockMvcWebClientAutoConfiguration, org.springframework.boot.test.autoconfigure.web.servlet.MockMvcWebDriverAutoConfiguration]], org.springframework.boot.test.context.filter.ExcludeFilterContextCustomizer@382db087, org.springframework.boot.test.json.DuplicateJsonObjectContextCustomizerFactory$DuplicateJsonObjectContextCustomizer@5427c60c, org.springframework.boot.test.mock.mockito.MockitoContextCustomizer@0, org.springframework.boot.test.web.client.TestRestTemplateContextCustomizer@76b10754, org.springframework.boot.test.autoconfigure.properties.PropertyMappingContextCustomizer@e7e84f8, org.springframework.boot.test.autoconfigure.web.servlet.WebDriverContextCustomizerFactory$Customizer@1efee8e7], resourceBasePath = 'src/main/webapp', contextLoader = 'org.springframework.boot.test.context.SpringBootContextLoader', parent = [null]], attributes = map['org.springframework.test.context.web.ServletTestExecutionListener.activateListener' -> true, 'org.springframework.test.context.web.ServletTestExecutionListener.populatedRequestContextHolder' -> true, 'org.springframework.test.context.web.ServletTestExecutionListener.resetRequestContextHolder' -> true]], class annotated with @DirtiesContext [false] with mode [null], method annotated with @DirtiesContext [false] with mode [null].
2019-09-20 11:22:49.614 DEBUG 8480 --- [           main] o.s.t.c.w.ServletTestExecutionListener   : Resetting RequestContextHolder for test context [DefaultTestContext@256bb5be testClass = TrackzillaControllerTest, testInstance = com.keysoft.bucktrackerjpa.controller.TrackzillaControllerTest@24aedcc5, testMethod = addTicket@TrackzillaControllerTest, testException = java.lang.AssertionError: expected:<201> but was:<409>, mergedContextConfiguration = [WebMergedContextConfiguration@5fef0c19 testClass = TrackzillaControllerTest, locations = '{}', classes = '{class com.keysoft.bucktrackerjpa.BucktrackerJpaApplication}', contextInitializerClasses = '[]', activeProfiles = '{}', propertySourceLocations = '{}', propertySourceProperties = '{org.springframework.boot.test.context.SpringBootTestContextBootstrapper=true}', contextCustomizers = set[[ImportsContextCustomizer@2e6d76ba key = [org.springframework.boot.test.autoconfigure.web.servlet.MockMvcAutoConfiguration, org.springframework.boot.test.autoconfigure.web.servlet.MockMvcSecurityAutoConfiguration, org.springframework.boot.test.autoconfigure.web.servlet.MockMvcWebClientAutoConfiguration, org.springframework.boot.test.autoconfigure.web.servlet.MockMvcWebDriverAutoConfiguration]], org.springframework.boot.test.context.filter.ExcludeFilterContextCustomizer@382db087, org.springframework.boot.test.json.DuplicateJsonObjectContextCustomizerFactory$DuplicateJsonObjectContextCustomizer@5427c60c, org.springframework.boot.test.mock.mockito.MockitoContextCustomizer@0, org.springframework.boot.test.web.client.TestRestTemplateContextCustomizer@76b10754, org.springframework.boot.test.autoconfigure.properties.PropertyMappingContextCustomizer@e7e84f8, org.springframework.boot.test.autoconfigure.web.servlet.WebDriverContextCustomizerFactory$Customizer@1efee8e7], resourceBasePath = 'src/main/webapp', contextLoader = 'org.springframework.boot.test.context.SpringBootContextLoader', parent = [null]], attributes = map['org.springframework.test.context.web.ServletTestExecutionListener.activateListener' -> true, 'org.springframework.test.context.web.ServletTestExecutionListener.populatedRequestContextHolder' -> true, 'org.springframework.test.context.web.ServletTestExecutionListener.resetRequestContextHolder' -> true]].
]]></system-out>
  </testcase>
  <testcase name="updateApplication" classname="com.keysoft.bucktrackerjpa.controller.TrackzillaControllerTest" time="0.001">
    <failure message="expected:&lt;201&gt; but was:&lt;409&gt;" type="java.lang.AssertionError"><![CDATA[java.lang.AssertionError: expected:<201> but was:<409>
	at com.keysoft.bucktrackerjpa.controller.TrackzillaControllerTest.addApplication(TrackzillaControllerTest.java:43)
	at com.keysoft.bucktrackerjpa.controller.TrackzillaControllerTest.updateApplication(TrackzillaControllerTest.java:70)
]]></failure>
    <system-out><![CDATA[2019-09-20 11:22:49.615 DEBUG 8480 --- [           main] o.s.test.annotation.ProfileValueUtils    : Retrieved @ProfileValueSourceConfiguration [null] for test class [com.keysoft.bucktrackerjpa.controller.TrackzillaControllerTest]
2019-09-20 11:22:49.615 DEBUG 8480 --- [           main] o.s.test.annotation.ProfileValueUtils    : Retrieved ProfileValueSource type [class org.springframework.test.annotation.SystemProfileValueSource] for class [com.keysoft.bucktrackerjpa.controller.TrackzillaControllerTest]
2019-09-20 11:22:49.615 DEBUG 8480 --- [           main] c.DefaultCacheAwareContextLoaderDelegate : Retrieved ApplicationContext from cache with key [[WebMergedContextConfiguration@5fef0c19 testClass = TrackzillaControllerTest, locations = '{}', classes = '{class com.keysoft.bucktrackerjpa.BucktrackerJpaApplication}', contextInitializerClasses = '[]', activeProfiles = '{}', propertySourceLocations = '{}', propertySourceProperties = '{org.springframework.boot.test.context.SpringBootTestContextBootstrapper=true}', contextCustomizers = set[[ImportsContextCustomizer@2e6d76ba key = [org.springframework.boot.test.autoconfigure.web.servlet.MockMvcAutoConfiguration, org.springframework.boot.test.autoconfigure.web.servlet.MockMvcSecurityAutoConfiguration, org.springframework.boot.test.autoconfigure.web.servlet.MockMvcWebClientAutoConfiguration, org.springframework.boot.test.autoconfigure.web.servlet.MockMvcWebDriverAutoConfiguration]], org.springframework.boot.test.context.filter.ExcludeFilterContextCustomizer@382db087, org.springframework.boot.test.json.DuplicateJsonObjectContextCustomizerFactory$DuplicateJsonObjectContextCustomizer@5427c60c, org.springframework.boot.test.mock.mockito.MockitoContextCustomizer@0, org.springframework.boot.test.web.client.TestRestTemplateContextCustomizer@76b10754, org.springframework.boot.test.autoconfigure.properties.PropertyMappingContextCustomizer@e7e84f8, org.springframework.boot.test.autoconfigure.web.servlet.WebDriverContextCustomizerFactory$Customizer@1efee8e7], resourceBasePath = 'src/main/webapp', contextLoader = 'org.springframework.boot.test.context.SpringBootContextLoader', parent = [null]]]
2019-09-20 11:22:49.615 DEBUG 8480 --- [           main] org.springframework.test.context.cache   : Spring test ApplicationContext cache statistics: [DefaultContextCache@4052b19f size = 2, maxSize = 32, parentContextCount = 0, hitCount = 25, missCount = 2]
2019-09-20 11:22:49.615 DEBUG 8480 --- [           main] o.s.t.c.w.ServletTestExecutionListener   : Setting up MockHttpServletRequest, MockHttpServletResponse, ServletWebRequest, and RequestContextHolder for test context [DefaultTestContext@256bb5be testClass = TrackzillaControllerTest, testInstance = com.keysoft.bucktrackerjpa.controller.TrackzillaControllerTest@5f5c187d, testMethod = [null], testException = [null], mergedContextConfiguration = [WebMergedContextConfiguration@5fef0c19 testClass = TrackzillaControllerTest, locations = '{}', classes = '{class com.keysoft.bucktrackerjpa.BucktrackerJpaApplication}', contextInitializerClasses = '[]', activeProfiles = '{}', propertySourceLocations = '{}', propertySourceProperties = '{org.springframework.boot.test.context.SpringBootTestContextBootstrapper=true}', contextCustomizers = set[[ImportsContextCustomizer@2e6d76ba key = [org.springframework.boot.test.autoconfigure.web.servlet.MockMvcAutoConfiguration, org.springframework.boot.test.autoconfigure.web.servlet.MockMvcSecurityAutoConfiguration, org.springframework.boot.test.autoconfigure.web.servlet.MockMvcWebClientAutoConfiguration, org.springframework.boot.test.autoconfigure.web.servlet.MockMvcWebDriverAutoConfiguration]], org.springframework.boot.test.context.filter.ExcludeFilterContextCustomizer@382db087, org.springframework.boot.test.json.DuplicateJsonObjectContextCustomizerFactory$DuplicateJsonObjectContextCustomizer@5427c60c, org.springframework.boot.test.mock.mockito.MockitoContextCustomizer@0, org.springframework.boot.test.web.client.TestRestTemplateContextCustomizer@76b10754, org.springframework.boot.test.autoconfigure.properties.PropertyMappingContextCustomizer@e7e84f8, org.springframework.boot.test.autoconfigure.web.servlet.WebDriverContextCustomizerFactory$Customizer@1efee8e7], resourceBasePath = 'src/main/webapp', contextLoader = 'org.springframework.boot.test.context.SpringBootContextLoader', parent = [null]], attributes = map['org.springframework.test.context.web.ServletTestExecutionListener.activateListener' -> true, 'org.springframework.test.context.support.DependencyInjectionTestExecutionListener.reinjectDependencies' -> true]].
2019-09-20 11:22:49.615 DEBUG 8480 --- [           main] DependencyInjectionTestExecutionListener : Performing dependency injection for test context [[DefaultTestContext@256bb5be testClass = TrackzillaControllerTest, testInstance = com.keysoft.bucktrackerjpa.controller.TrackzillaControllerTest@5f5c187d, testMethod = [null], testException = [null], mergedContextConfiguration = [WebMergedContextConfiguration@5fef0c19 testClass = TrackzillaControllerTest, locations = '{}', classes = '{class com.keysoft.bucktrackerjpa.BucktrackerJpaApplication}', contextInitializerClasses = '[]', activeProfiles = '{}', propertySourceLocations = '{}', propertySourceProperties = '{org.springframework.boot.test.context.SpringBootTestContextBootstrapper=true}', contextCustomizers = set[[ImportsContextCustomizer@2e6d76ba key = [org.springframework.boot.test.autoconfigure.web.servlet.MockMvcAutoConfiguration, org.springframework.boot.test.autoconfigure.web.servlet.MockMvcSecurityAutoConfiguration, org.springframework.boot.test.autoconfigure.web.servlet.MockMvcWebClientAutoConfiguration, org.springframework.boot.test.autoconfigure.web.servlet.MockMvcWebDriverAutoConfiguration]], org.springframework.boot.test.context.filter.ExcludeFilterContextCustomizer@382db087, org.springframework.boot.test.json.DuplicateJsonObjectContextCustomizerFactory$DuplicateJsonObjectContextCustomizer@5427c60c, org.springframework.boot.test.mock.mockito.MockitoContextCustomizer@0, org.springframework.boot.test.web.client.TestRestTemplateContextCustomizer@76b10754, org.springframework.boot.test.autoconfigure.properties.PropertyMappingContextCustomizer@e7e84f8, org.springframework.boot.test.autoconfigure.web.servlet.WebDriverContextCustomizerFactory$Customizer@1efee8e7], resourceBasePath = 'src/main/webapp', contextLoader = 'org.springframework.boot.test.context.SpringBootContextLoader', parent = [null]], attributes = map['org.springframework.test.context.web.ServletTestExecutionListener.activateListener' -> true, 'org.springframework.test.context.web.ServletTestExecutionListener.populatedRequestContextHolder' -> true, 'org.springframework.test.context.web.ServletTestExecutionListener.resetRequestContextHolder' -> true, 'org.springframework.test.context.support.DependencyInjectionTestExecutionListener.reinjectDependencies' -> true]]].
2019-09-20 11:22:49.615 DEBUG 8480 --- [           main] c.DefaultCacheAwareContextLoaderDelegate : Retrieved ApplicationContext from cache with key [[WebMergedContextConfiguration@5fef0c19 testClass = TrackzillaControllerTest, locations = '{}', classes = '{class com.keysoft.bucktrackerjpa.BucktrackerJpaApplication}', contextInitializerClasses = '[]', activeProfiles = '{}', propertySourceLocations = '{}', propertySourceProperties = '{org.springframework.boot.test.context.SpringBootTestContextBootstrapper=true}', contextCustomizers = set[[ImportsContextCustomizer@2e6d76ba key = [org.springframework.boot.test.autoconfigure.web.servlet.MockMvcAutoConfiguration, org.springframework.boot.test.autoconfigure.web.servlet.MockMvcSecurityAutoConfiguration, org.springframework.boot.test.autoconfigure.web.servlet.MockMvcWebClientAutoConfiguration, org.springframework.boot.test.autoconfigure.web.servlet.MockMvcWebDriverAutoConfiguration]], org.springframework.boot.test.context.filter.ExcludeFilterContextCustomizer@382db087, org.springframework.boot.test.json.DuplicateJsonObjectContextCustomizerFactory$DuplicateJsonObjectContextCustomizer@5427c60c, org.springframework.boot.test.mock.mockito.MockitoContextCustomizer@0, org.springframework.boot.test.web.client.TestRestTemplateContextCustomizer@76b10754, org.springframework.boot.test.autoconfigure.properties.PropertyMappingContextCustomizer@e7e84f8, org.springframework.boot.test.autoconfigure.web.servlet.WebDriverContextCustomizerFactory$Customizer@1efee8e7], resourceBasePath = 'src/main/webapp', contextLoader = 'org.springframework.boot.test.context.SpringBootContextLoader', parent = [null]]]
[...]
2019-09-20 11:22:49.630 DEBUG 8480 --- [           main] o.s.orm.jpa.JpaTransactionManager        : Not closing pre-bound JPA EntityManager after transaction
2019-09-20 11:22:49.630 DEBUG 8480 --- [           main] o.s.t.web.servlet.TestDispatcherServlet  : Null ModelAndView returned to DispatcherServlet with name '': assuming HandlerAdapter completed request handling
2019-09-20 11:22:49.630 DEBUG 8480 --- [           main] o.j.s.OpenEntityManagerInViewInterceptor : Closing JPA EntityManager in OpenEntityManagerInViewInterceptor
2019-09-20 11:22:49.630 DEBUG 8480 --- [           main] o.s.orm.jpa.EntityManagerFactoryUtils    : Closing JPA EntityManager
2019-09-20 11:22:49.630 DEBUG 8480 --- [           main] o.s.t.web.servlet.TestDispatcherServlet  : Successfully completed request
2019-09-20 11:22:49.631 DEBUG 8480 --- [           main] o.s.b.w.s.f.OrderedRequestContextFilter  : Cleared thread-bound request context: org.springframework.mock.web.MockHttpServletRequest@4bdb04c8
2019-09-20 11:22:49.631 DEBUG 8480 --- [           main] c.DefaultCacheAwareContextLoaderDelegate : Retrieved ApplicationContext from cache with key [[WebMergedContextConfiguration@5fef0c19 testClass = TrackzillaControllerTest, locations = '{}', classes = '{class com.keysoft.bucktrackerjpa.BucktrackerJpaApplication}', contextInitializerClasses = '[]', activeProfiles = '{}', propertySourceLocations = '{}', propertySourceProperties = '{org.springframework.boot.test.context.SpringBootTestContextBootstrapper=true}', contextCustomizers = set[[ImportsContextCustomizer@2e6d76ba key = [org.springframework.boot.test.autoconfigure.web.servlet.MockMvcAutoConfiguration, org.springframework.boot.test.autoconfigure.web.servlet.MockMvcSecurityAutoConfiguration, org.springframework.boot.test.autoconfigure.web.servlet.MockMvcWebClientAutoConfiguration, org.springframework.boot.test.autoconfigure.web.servlet.MockMvcWebDriverAutoConfiguration]], org.springframework.boot.test.context.filter.ExcludeFilterContextCustomizer@382db087, org.springframework.boot.test.json.DuplicateJsonObjectContextCustomizerFactory$DuplicateJsonObjectContextCustomizer@5427c60c, org.springframework.boot.test.mock.mockito.MockitoContextCustomizer@0, org.springframework.boot.test.web.client.TestRestTemplateContextCustomizer@76b10754, org.springframework.boot.test.autoconfigure.properties.PropertyMappingContextCustomizer@e7e84f8, org.springframework.boot.test.autoconfigure.web.servlet.WebDriverContextCustomizerFactory$Customizer@1efee8e7], resourceBasePath = 'src/main/webapp', contextLoader = 'org.springframework.boot.test.context.SpringBootContextLoader', parent = [null]]]
2019-09-20 11:22:49.631 DEBUG 8480 --- [           main] org.springframework.test.context.cache   : Spring test ApplicationContext cache statistics: [DefaultContextCache@4052b19f size = 2, maxSize = 32, parentContextCount = 0, hitCount = 35, missCount = 2]
2019-09-20 11:22:49.631 DEBUG 8480 --- [           main] c.DefaultCacheAwareContextLoaderDelegate : Retrieved ApplicationContext from cache with key [[WebMergedContextConfiguration@5fef0c19 testClass = TrackzillaControllerTest, locations = '{}', classes = '{class com.keysoft.bucktrackerjpa.BucktrackerJpaApplication}', contextInitializerClasses = '[]', activeProfiles = '{}', propertySourceLocations = '{}', propertySourceProperties = '{org.springframework.boot.test.context.SpringBootTestContextBootstrapper=true}', contextCustomizers = set[[ImportsContextCustomizer@2e6d76ba key = [org.springframework.boot.test.autoconfigure.web.servlet.MockMvcAutoConfiguration, org.springframework.boot.test.autoconfigure.web.servlet.MockMvcSecurityAutoConfiguration, org.springframework.boot.test.autoconfigure.web.servlet.MockMvcWebClientAutoConfiguration, org.springframework.boot.test.autoconfigure.web.servlet.MockMvcWebDriverAutoConfiguration]], org.springframework.boot.test.context.filter.ExcludeFilterContextCustomizer@382db087, org.springframework.boot.test.json.DuplicateJsonObjectContextCustomizerFactory$DuplicateJsonObjectContextCustomizer@5427c60c, org.springframework.boot.test.mock.mockito.MockitoContextCustomizer@0, org.springframework.boot.test.web.client.TestRestTemplateContextCustomizer@76b10754, org.springframework.boot.test.autoconfigure.properties.PropertyMappingContextCustomizer@e7e84f8, org.springframework.boot.test.autoconfigure.web.servlet.WebDriverContextCustomizerFactory$Customizer@1efee8e7], resourceBasePath = 'src/main/webapp', contextLoader = 'org.springframework.boot.test.context.SpringBootContextLoader', parent = [null]]]
2019-09-20 11:22:49.631 DEBUG 8480 --- [           main] org.springframework.test.context.cache   : Spring test ApplicationContext cache statistics: [DefaultContextCache@4052b19f size = 2, maxSize = 32, parentContextCount = 0, hitCount = 36, missCount = 2]
2019-09-20 11:22:49.631 DEBUG 8480 --- [           main] o.s.b.f.s.DefaultListableBeanFactory     : Returning cached instance of singleton bean 'org.springframework.boot.test.autoconfigure.web.servlet.SpringBootMockMvcBuilderCustomizer$DeferredLinesWriter'

MockHttpServletRequest:
      HTTP Method = POST
      Request URI = /tza/application/
       Parameters = {}
          Headers = {Content-Type=[application/json;charset=UTF-8], Accept=[application/json]}
             Body = {"name":"Test Application","description":"A test application.","owner":"Kesha Williams"}
    Session Attrs = {}

Handler:
             Type = com.keysoft.bucktrackerjpa.controller.TrackzillaController
           Method = public org.springframework.http.ResponseEntity<java.lang.Void> com.keysoft.bucktrackerjpa.controller.TrackzillaController.addApplication(com.keysoft.bucktrackerjpa.entity.Application,org.springframework.web.util.UriComponentsBuilder)

Async:
    Async started = false
     Async result = null

Resolved Exception:
             Type = null

ModelAndView:
        View name = null
             View = null
            Model = null

FlashMap:
       Attributes = null

MockHttpServletResponse:
           Status = 201
    Error message = null
          Headers = {Location=[http://localhost/application/1]}
     Content type = null
             Body = 
    Forwarded URL = null
   Redirected URL = http://localhost/application/1
          Cookies = []

MockHttpServletRequest:
      HTTP Method = POST
      Request URI = /tza/application/
       Parameters = {}
          Headers = {Content-Type=[application/json;charset=UTF-8], Accept=[application/json]}
             Body = {"name":"Test Application","description":"A test application.","owner":"Kesha Williams"}
    Session Attrs = {}

Handler:
             Type = com.keysoft.bucktrackerjpa.controller.TrackzillaController
           Method = public org.springframework.http.ResponseEntity<java.lang.Void> com.keysoft.bucktrackerjpa.controller.TrackzillaController.addApplication(com.keysoft.bucktrackerjpa.entity.Application,org.springframework.web.util.UriComponentsBuilder)

Async:
    Async started = false
     Async result = null

Resolved Exception:
             Type = null

ModelAndView:
        View name = null
             View = null
            Model = null

FlashMap:
       Attributes = null

MockHttpServletResponse:
           Status = 409
    Error message = null
          Headers = {}
     Content type = null
             Body = 
    Forwarded URL = null
   Redirected URL = null
          Cookies = []

MockHttpServletRequest:
      HTTP Method = POST
      Request URI = /tza/application/
       Parameters = {}
          Headers = {Content-Type=[application/json;charset=UTF-8], Accept=[application/json]}
             Body = {"name":"Test Application","description":"A test application.","owner":"Kesha Williams"}
    Session Attrs = {}

Handler:
             Type = com.keysoft.bucktrackerjpa.controller.TrackzillaController
           Method = public org.springframework.http.ResponseEntity<java.lang.Void> com.keysoft.bucktrackerjpa.controller.TrackzillaController.addApplication(com.keysoft.bucktrackerjpa.entity.Application,org.springframework.web.util.UriComponentsBuilder)

Async:
    Async started = false
     Async result = null

Resolved Exception:
             Type = null

ModelAndView:
        View name = null
             View = null
            Model = null

FlashMap:
       Attributes = null

MockHttpServletResponse:
           Status = 409
    Error message = null
          Headers = {}
     Content type = null
             Body = 
    Forwarded URL = null
   Redirected URL = null
          Cookies = []

MockHttpServletRequest:
      HTTP Method = POST
      Request URI = /tza/application/
       Parameters = {}
          Headers = {Content-Type=[application/json;charset=UTF-8], Accept=[application/json]}
             Body = {"name":"Test Application","description":"A test application.","owner":"Kesha Williams"}
    Session Attrs = {}

Handler:
             Type = com.keysoft.bucktrackerjpa.controller.TrackzillaController
           Method = public org.springframework.http.ResponseEntity<java.lang.Void> com.keysoft.bucktrackerjpa.controller.TrackzillaController.addApplication(com.keysoft.bucktrackerjpa.entity.Application,org.springframework.web.util.UriComponentsBuilder)

Async:
    Async started = false
     Async result = null

Resolved Exception:
             Type = null

ModelAndView:
        View name = null
             View = null
            Model = null

FlashMap:
       Attributes = null

MockHttpServletResponse:
           Status = 409
    Error message = null
          Headers = {}
     Content type = null
             Body = 
    Forwarded URL = null
   Redirected URL = null
          Cookies = []

MockHttpServletRequest:
      HTTP Method = POST
      Request URI = /tza/application/
       Parameters = {}
          Headers = {Content-Type=[application/json;charset=UTF-8], Accept=[application/json]}
             Body = {"name":"Test Application","description":"A test application.","owner":"Kesha Williams"}
    Session Attrs = {}

Handler:
             Type = com.keysoft.bucktrackerjpa.controller.TrackzillaController
           Method = public org.springframework.http.ResponseEntity<java.lang.Void> com.keysoft.bucktrackerjpa.controller.TrackzillaController.addApplication(com.keysoft.bucktrackerjpa.entity.Application,org.springframework.web.util.UriComponentsBuilder)

Async:
    Async started = false
     Async result = null

Resolved Exception:
             Type = null

ModelAndView:
        View name = null
             View = null
            Model = null

FlashMap:
       Attributes = null

MockHttpServletResponse:
           Status = 409
    Error message = null
          Headers = {}
     Content type = null
             Body = 
    Forwarded URL = null
   Redirected URL = null
          Cookies = []
2019-09-20 11:22:49.632 DEBUG 8480 --- [           main] c.DefaultCacheAwareContextLoaderDelegate : Retrieved ApplicationContext from cache with key [[WebMergedContextConfiguration@5fef0c19 testClass = TrackzillaControllerTest, locations = '{}', classes = '{class com.keysoft.bucktrackerjpa.BucktrackerJpaApplication}', contextInitializerClasses = '[]', activeProfiles = '{}', propertySourceLocations = '{}', propertySourceProperties = '{org.springframework.boot.test.context.SpringBootTestContextBootstrapper=true}', contextCustomizers = set[[ImportsContextCustomizer@2e6d76ba key = [org.springframework.boot.test.autoconfigure.web.servlet.MockMvcAutoConfiguration, org.springframework.boot.test.autoconfigure.web.servlet.MockMvcSecurityAutoConfiguration, org.springframework.boot.test.autoconfigure.web.servlet.MockMvcWebClientAutoConfiguration, org.springframework.boot.test.autoconfigure.web.servlet.MockMvcWebDriverAutoConfiguration]], org.springframework.boot.test.context.filter.ExcludeFilterContextCustomizer@382db087, org.springframework.boot.test.json.DuplicateJsonObjectContextCustomizerFactory$DuplicateJsonObjectContextCustomizer@5427c60c, org.springframework.boot.test.mock.mockito.MockitoContextCustomizer@0, org.springframework.boot.test.web.client.TestRestTemplateContextCustomizer@76b10754, org.springframework.boot.test.autoconfigure.properties.PropertyMappingContextCustomizer@e7e84f8, org.springframework.boot.test.autoconfigure.web.servlet.WebDriverContextCustomizerFactory$Customizer@1efee8e7], resourceBasePath = 'src/main/webapp', contextLoader = 'org.springframework.boot.test.context.SpringBootContextLoader', parent = [null]]]
2019-09-20 11:22:49.632 DEBUG 8480 --- [           main] org.springframework.test.context.cache   : Spring test ApplicationContext cache statistics: [DefaultContextCache@4052b19f size = 2, maxSize = 32, parentContextCount = 0, hitCount = 37, missCount = 2]
2019-09-20 11:22:49.634 DEBUG 8480 --- [           main] c.DefaultCacheAwareContextLoaderDelegate : Retrieved ApplicationContext from cache with key [[WebMergedContextConfiguration@5fef0c19 testClass = TrackzillaControllerTest, locations = '{}', classes = '{class com.keysoft.bucktrackerjpa.BucktrackerJpaApplication}', contextInitializerClasses = '[]', activeProfiles = '{}', propertySourceLocations = '{}', propertySourceProperties = '{org.springframework.boot.test.context.SpringBootTestContextBootstrapper=true}', contextCustomizers = set[[ImportsContextCustomizer@2e6d76ba key = [org.springframework.boot.test.autoconfigure.web.servlet.MockMvcAutoConfiguration, org.springframework.boot.test.autoconfigure.web.servlet.MockMvcSecurityAutoConfiguration, org.springframework.boot.test.autoconfigure.web.servlet.MockMvcWebClientAutoConfiguration, org.springframework.boot.test.autoconfigure.web.servlet.MockMvcWebDriverAutoConfiguration]], org.springframework.boot.test.context.filter.ExcludeFilterContextCustomizer@382db087, org.springframework.boot.test.json.DuplicateJsonObjectContextCustomizerFactory$DuplicateJsonObjectContextCustomizer@5427c60c, org.springframework.boot.test.mock.mockito.MockitoContextCustomizer@0, org.springframework.boot.test.web.client.TestRestTemplateContextCustomizer@76b10754, org.springframework.boot.test.autoconfigure.properties.PropertyMappingContextCustomizer@e7e84f8, org.springframework.boot.test.autoconfigure.web.servlet.WebDriverContextCustomizerFactory$Customizer@1efee8e7], resourceBasePath = 'src/main/webapp', contextLoader = 'org.springframework.boot.test.context.SpringBootContextLoader', parent = [null]]]
2019-09-20 11:22:49.634 DEBUG 8480 --- [           main] org.springframework.test.context.cache   : Spring test ApplicationContext cache statistics: [DefaultContextCache@4052b19f size = 2, maxSize = 32, parentContextCount = 0, hitCount = 38, missCount = 2]
2019-09-20 11:22:49.634 DEBUG 8480 --- [           main] o.s.b.f.s.DefaultListableBeanFactory     : Returning cached instance of singleton bean 'org.springframework.boot.test.mock.mockito.MockitoBeans'
2019-09-20 11:22:49.634 DEBUG 8480 --- [           main] tractDirtiesContextTestExecutionListener : After test method: context [DefaultTestContext@256bb5be testClass = TrackzillaControllerTest, testInstance = com.keysoft.bucktrackerjpa.controller.TrackzillaControllerTest@76b5a559, testMethod = deleteApplication@TrackzillaControllerTest, testException = java.lang.AssertionError: expected:<201> but was:<409>, mergedContextConfiguration = [WebMergedContextConfiguration@5fef0c19 testClass = TrackzillaControllerTest, locations = '{}', classes = '{class com.keysoft.bucktrackerjpa.BucktrackerJpaApplication}', contextInitializerClasses = '[]', activeProfiles = '{}', propertySourceLocations = '{}', propertySourceProperties = '{org.springframework.boot.test.context.SpringBootTestContextBootstrapper=true}', contextCustomizers = set[[ImportsContextCustomizer@2e6d76ba key = [org.springframework.boot.test.autoconfigure.web.servlet.MockMvcAutoConfiguration, org.springframework.boot.test.autoconfigure.web.servlet.MockMvcSecurityAutoConfiguration, org.springframework.boot.test.autoconfigure.web.servlet.MockMvcWebClientAutoConfiguration, org.springframework.boot.test.autoconfigure.web.servlet.MockMvcWebDriverAutoConfiguration]], org.springframework.boot.test.context.filter.ExcludeFilterContextCustomizer@382db087, org.springframework.boot.test.json.DuplicateJsonObjectContextCustomizerFactory$DuplicateJsonObjectContextCustomizer@5427c60c, org.springframework.boot.test.mock.mockito.MockitoContextCustomizer@0, org.springframework.boot.test.web.client.TestRestTemplateContextCustomizer@76b10754, org.springframework.boot.test.autoconfigure.properties.PropertyMappingContextCustomizer@e7e84f8, org.springframework.boot.test.autoconfigure.web.servlet.WebDriverContextCustomizerFactory$Customizer@1efee8e7], resourceBasePath = 'src/main/webapp', contextLoader = 'org.springframework.boot.test.context.SpringBootContextLoader', parent = [null]], attributes = map['org.springframework.test.context.web.ServletTestExecutionListener.activateListener' -> true, 'org.springframework.test.context.web.ServletTestExecutionListener.populatedRequestContextHolder' -> true, 'org.springframework.test.context.web.ServletTestExecutionListener.resetRequestContextHolder' -> true]], class annotated with @DirtiesContext [false] with mode [null], method annotated with @DirtiesContext [false] with mode [null].
2019-09-20 11:22:49.634 DEBUG 8480 --- [           main] o.s.t.c.w.ServletTestExecutionListener   : Resetting RequestContextHolder for test context [DefaultTestContext@256bb5be testClass = TrackzillaControllerTest, testInstance = com.keysoft.bucktrackerjpa.controller.TrackzillaControllerTest@76b5a559, testMethod = deleteApplication@TrackzillaControllerTest, testException = java.lang.AssertionError: expected:<201> but was:<409>, mergedContextConfiguration = [WebMergedContextConfiguration@5fef0c19 testClass = TrackzillaControllerTest, locations = '{}', classes = '{class com.keysoft.bucktrackerjpa.BucktrackerJpaApplication}', contextInitializerClasses = '[]', activeProfiles = '{}', propertySourceLocations = '{}', propertySourceProperties = '{org.springframework.boot.test.context.SpringBootTestContextBootstrapper=true}', contextCustomizers = set[[ImportsContextCustomizer@2e6d76ba key = [org.springframework.boot.test.autoconfigure.web.servlet.MockMvcAutoConfiguration, org.springframework.boot.test.autoconfigure.web.servlet.MockMvcSecurityAutoConfiguration, org.springframework.boot.test.autoconfigure.web.servlet.MockMvcWebClientAutoConfiguration, org.springframework.boot.test.autoconfigure.web.servlet.MockMvcWebDriverAutoConfiguration]], org.springframework.boot.test.context.filter.ExcludeFilterContextCustomizer@382db087, org.springframework.boot.test.json.DuplicateJsonObjectContextCustomizerFactory$DuplicateJsonObjectContextCustomizer@5427c60c, org.springframework.boot.test.mock.mockito.MockitoContextCustomizer@0, org.springframework.boot.test.web.client.TestRestTemplateContextCustomizer@76b10754, org.springframework.boot.test.autoconfigure.properties.PropertyMappingContextCustomizer@e7e84f8, org.springframework.boot.test.autoconfigure.web.servlet.WebDriverContextCustomizerFactory$Customizer@1efee8e7], resourceBasePath = 'src/main/webapp', contextLoader = 'org.springframework.boot.test.context.SpringBootContextLoader', parent = [null]], attributes = map['org.springframework.test.context.web.ServletTestExecutionListener.activateListener' -> true, 'org.springframework.test.context.web.ServletTestExecutionListener.populatedRequestContextHolder' -> true, 'org.springframework.test.context.web.ServletTestExecutionListener.resetRequestContextHolder' -> true]].
]]></system-out>
  </testcase>
</testsuite>